LD_LIBRARY_PATH=. pkg-config --exists /home/sopi/Documents/Side_projects/truffleruby/phd-bench/erubi_rails/bundle/truffleruby/3.1.3.1/gems/sqlite3-1.6.0/ports/x86_64-unknown-linux-gnu/sqlite3/3.40.1/lib/pkgconfig/sqlite3.pc
LD_LIBRARY_PATH=. pkg-config --libs /home/sopi/Documents/Side_projects/truffleruby/phd-bench/erubi_rails/bundle/truffleruby/3.1.3.1/gems/sqlite3-1.6.0/ports/x86_64-unknown-linux-gnu/sqlite3/3.40.1/lib/pkgconfig/sqlite3.pc |
=> "-L/home/sopi/Documents/Side_projects/truffleruby/phd-bench/erubi_rails/bundle/truffleruby/3.1.3.1/gems/sqlite3-1.6.0/ports/x86_64-unknown-linux-gnu/sqlite3/3.40.1/lib -lsqlite3\n"
LD_LIBRARY_PATH=. "/home/sopi/Documents/Side_projects/graal/sdk/mxbuild/linux-amd64/GRAALVM_A33290E019_JAVA19/graalvm-a33290e019-java19-23.0.0-dev/languages/llvm/native/bin/graalvm-native-clang -o conftest -I/home/sopi/Documents/Side_projects/graal/sdk/mxbuild/linux-amd64/GRAALVM_A33290E019_JAVA19/graalvm-a33290e019-java19-23.0.0-dev/languages/ruby/lib/cext/include -I/home/sopi/Documents/Side_projects/graal/sdk/mxbuild/linux-amd64/GRAALVM_A33290E019_JAVA19/graalvm-a33290e019-java19-23.0.0-dev/languages/ruby/lib/cext/include/ruby/backward -I/home/sopi/Documents/Side_projects/graal/sdk/mxbuild/linux-amd64/GRAALVM_A33290E019_JAVA19/graalvm-a33290e019-java19-23.0.0-dev/languages/ruby/lib/cext/include -I.  -DTRUFFLERUBY_ABI_VERSION=3.1.3.1    -Werror=implicit-function-declaration -Wno-int-conversion -Wno-int-to-pointer-cast -Wno-incompatible-pointer-types -Wno-format-invalid-specifier -Wno-format-extra-args -ferror-limit=500 conftest.c  -L.      -lgraalvm-llvm    -L/home/sopi/Documents/Side_projects/graal/sdk/mxbuild/linux-amd64/GRAALVM_A33290E019_JAVA19/graalvm-a33290e019-java19-23.0.0-dev/languages/ruby/lib/cext -rpath /home/sopi/Documents/Side_projects/graal/sdk/mxbuild/linux-amd64/GRAALVM_A33290E019_JAVA19/graalvm-a33290e019-java19-23.0.0-dev/languages/ruby/lib/cext -ltruffleruby -rpath /home/sopi/Documents/Side_projects/graal/sdk/mxbuild/linux-amd64/GRAALVM_A33290E019_JAVA19/graalvm-a33290e019-java19-23.0.0-dev/languages/llvm/native/lib"
checked program was:
/* begin */
1: #include "ruby.h"
2: 
3: int main(int argc, char **argv)
4: {
5:   return !!argv[argc];
6: }
/* end */

LD_LIBRARY_PATH=. "/home/sopi/Documents/Side_projects/graal/sdk/mxbuild/linux-amd64/GRAALVM_A33290E019_JAVA19/graalvm-a33290e019-java19-23.0.0-dev/languages/llvm/native/bin/graalvm-native-clang -o conftest -I/home/sopi/Documents/Side_projects/graal/sdk/mxbuild/linux-amd64/GRAALVM_A33290E019_JAVA19/graalvm-a33290e019-java19-23.0.0-dev/languages/ruby/lib/cext/include -I/home/sopi/Documents/Side_projects/graal/sdk/mxbuild/linux-amd64/GRAALVM_A33290E019_JAVA19/graalvm-a33290e019-java19-23.0.0-dev/languages/ruby/lib/cext/include/ruby/backward -I/home/sopi/Documents/Side_projects/graal/sdk/mxbuild/linux-amd64/GRAALVM_A33290E019_JAVA19/graalvm-a33290e019-java19-23.0.0-dev/languages/ruby/lib/cext/include -I.  -DTRUFFLERUBY_ABI_VERSION=3.1.3.1    -Werror=implicit-function-declaration -Wno-int-conversion -Wno-int-to-pointer-cast -Wno-incompatible-pointer-types -Wno-format-invalid-specifier -Wno-format-extra-args -ferror-limit=500 conftest.c  -L.      -lgraalvm-llvm -L/home/sopi/Documents/Side_projects/truffleruby/phd-bench/erubi_rails/bundle/truffleruby/3.1.3.1/gems/sqlite3-1.6.0/ports/x86_64-unknown-linux-gnu/sqlite3/3.40.1/lib -lsqlite3   -L/home/sopi/Documents/Side_projects/graal/sdk/mxbuild/linux-amd64/GRAALVM_A33290E019_JAVA19/graalvm-a33290e019-java19-23.0.0-dev/languages/ruby/lib/cext -rpath /home/sopi/Documents/Side_projects/graal/sdk/mxbuild/linux-amd64/GRAALVM_A33290E019_JAVA19/graalvm-a33290e019-java19-23.0.0-dev/languages/ruby/lib/cext -ltruffleruby -rpath /home/sopi/Documents/Side_projects/graal/sdk/mxbuild/linux-amd64/GRAALVM_A33290E019_JAVA19/graalvm-a33290e019-java19-23.0.0-dev/languages/llvm/native/lib"
checked program was:
/* begin */
1: #include "ruby.h"
2: 
3: int main(int argc, char **argv)
4: {
5:   return !!argv[argc];
6: }
/* end */

LD_LIBRARY_PATH=. pkg-config --cflags-only-I /home/sopi/Documents/Side_projects/truffleruby/phd-bench/erubi_rails/bundle/truffleruby/3.1.3.1/gems/sqlite3-1.6.0/ports/x86_64-unknown-linux-gnu/sqlite3/3.40.1/lib/pkgconfig/sqlite3.pc |
=> "-I/home/sopi/Documents/Side_projects/truffleruby/phd-bench/erubi_rails/bundle/truffleruby/3.1.3.1/gems/sqlite3-1.6.0/ports/x86_64-unknown-linux-gnu/sqlite3/3.40.1/include\n"
LD_LIBRARY_PATH=. pkg-config --cflags-only-other /home/sopi/Documents/Side_projects/truffleruby/phd-bench/erubi_rails/bundle/truffleruby/3.1.3.1/gems/sqlite3-1.6.0/ports/x86_64-unknown-linux-gnu/sqlite3/3.40.1/lib/pkgconfig/sqlite3.pc |
=> "\n"
LD_LIBRARY_PATH=. pkg-config --libs-only-l /home/sopi/Documents/Side_projects/truffleruby/phd-bench/erubi_rails/bundle/truffleruby/3.1.3.1/gems/sqlite3-1.6.0/ports/x86_64-unknown-linux-gnu/sqlite3/3.40.1/lib/pkgconfig/sqlite3.pc |
=> "-lsqlite3\n"
package configuration for /home/sopi/Documents/Side_projects/truffleruby/phd-bench/erubi_rails/bundle/truffleruby/3.1.3.1/gems/sqlite3-1.6.0/ports/x86_64-unknown-linux-gnu/sqlite3/3.40.1/lib/pkgconfig/sqlite3.pc
incflags: -I/home/sopi/Documents/Side_projects/truffleruby/phd-bench/erubi_rails/bundle/truffleruby/3.1.3.1/gems/sqlite3-1.6.0/ports/x86_64-unknown-linux-gnu/sqlite3/3.40.1/include
cflags: 
ldflags: -L/home/sopi/Documents/Side_projects/truffleruby/phd-bench/erubi_rails/bundle/truffleruby/3.1.3.1/gems/sqlite3-1.6.0/ports/x86_64-unknown-linux-gnu/sqlite3/3.40.1/lib
libs: -lsqlite3

LD_LIBRARY_PATH=. pkg-config --libs --static /home/sopi/Documents/Side_projects/truffleruby/phd-bench/erubi_rails/bundle/truffleruby/3.1.3.1/gems/sqlite3-1.6.0/ports/x86_64-unknown-linux-gnu/sqlite3/3.40.1/lib/pkgconfig/sqlite3.pc |
block in append_ldflags: checking for whether -L/home/sopi/Documents/Side_projects/truffleruby/phd-bench/erubi_rails/bundle/truffleruby/3.1.3.1/gems/sqlite3-1.6.0/ports/x86_64-unknown-linux-gnu/sqlite3/3.40.1/lib is accepted as LDFLAGS... -------------------- yes

LD_LIBRARY_PATH=. "/home/sopi/Documents/Side_projects/graal/sdk/mxbuild/linux-amd64/GRAALVM_A33290E019_JAVA19/graalvm-a33290e019-java19-23.0.0-dev/languages/llvm/native/bin/graalvm-native-clang -o conftest -I/home/sopi/Documents/Side_projects/graal/sdk/mxbuild/linux-amd64/GRAALVM_A33290E019_JAVA19/graalvm-a33290e019-java19-23.0.0-dev/languages/ruby/lib/cext/include -I/home/sopi/Documents/Side_projects/graal/sdk/mxbuild/linux-amd64/GRAALVM_A33290E019_JAVA19/graalvm-a33290e019-java19-23.0.0-dev/languages/ruby/lib/cext/include/ruby/backward -I/home/sopi/Documents/Side_projects/graal/sdk/mxbuild/linux-amd64/GRAALVM_A33290E019_JAVA19/graalvm-a33290e019-java19-23.0.0-dev/languages/ruby/lib/cext/include -I. -I/home/sopi/Documents/Side_projects/truffleruby/phd-bench/erubi_rails/bundle/truffleruby/3.1.3.1/gems/sqlite3-1.6.0/ports/x86_64-unknown-linux-gnu/sqlite3/3.40.1/include  -DTRUFFLERUBY_ABI_VERSION=3.1.3.1    -Werror=implicit-function-declaration -Wno-int-conversion -Wno-int-to-pointer-cast -Wno-incompatible-pointer-types -Wno-format-invalid-specifier -Wno-format-extra-args -ferror-limit=500  conftest.c  -L.  -L/home/sopi/Documents/Side_projects/truffleruby/phd-bench/erubi_rails/bundle/truffleruby/3.1.3.1/gems/sqlite3-1.6.0/ports/x86_64-unknown-linux-gnu/sqlite3/3.40.1/lib     -lsqlite3 -lgraalvm-llvm -L/home/sopi/Documents/Side_projects/truffleruby/phd-bench/erubi_rails/bundle/truffleruby/3.1.3.1/gems/sqlite3-1.6.0/ports/x86_64-unknown-linux-gnu/sqlite3/3.40.1/lib   -L/home/sopi/Documents/Side_projects/graal/sdk/mxbuild/linux-amd64/GRAALVM_A33290E019_JAVA19/graalvm-a33290e019-java19-23.0.0-dev/languages/ruby/lib/cext -rpath /home/sopi/Documents/Side_projects/graal/sdk/mxbuild/linux-amd64/GRAALVM_A33290E019_JAVA19/graalvm-a33290e019-java19-23.0.0-dev/languages/ruby/lib/cext -ltruffleruby -rpath /home/sopi/Documents/Side_projects/graal/sdk/mxbuild/linux-amd64/GRAALVM_A33290E019_JAVA19/graalvm-a33290e019-java19-23.0.0-dev/languages/llvm/native/lib"
checked program was:
/* begin */
1: #include "ruby.h"
2: 
3: int main(int argc, char **argv)
4: {
5:   return !!argv[argc];
6: }
/* end */

--------------------

block in append_ldflags: checking for whether -lsqlite3 is accepted as LDFLAGS... -------------------- yes

LD_LIBRARY_PATH=. "/home/sopi/Documents/Side_projects/graal/sdk/mxbuild/linux-amd64/GRAALVM_A33290E019_JAVA19/graalvm-a33290e019-java19-23.0.0-dev/languages/llvm/native/bin/graalvm-native-clang -o conftest -I/home/sopi/Documents/Side_projects/graal/sdk/mxbuild/linux-amd64/GRAALVM_A33290E019_JAVA19/graalvm-a33290e019-java19-23.0.0-dev/languages/ruby/lib/cext/include -I/home/sopi/Documents/Side_projects/graal/sdk/mxbuild/linux-amd64/GRAALVM_A33290E019_JAVA19/graalvm-a33290e019-java19-23.0.0-dev/languages/ruby/lib/cext/include/ruby/backward -I/home/sopi/Documents/Side_projects/graal/sdk/mxbuild/linux-amd64/GRAALVM_A33290E019_JAVA19/graalvm-a33290e019-java19-23.0.0-dev/languages/ruby/lib/cext/include -I. -I/home/sopi/Documents/Side_projects/truffleruby/phd-bench/erubi_rails/bundle/truffleruby/3.1.3.1/gems/sqlite3-1.6.0/ports/x86_64-unknown-linux-gnu/sqlite3/3.40.1/include  -DTRUFFLERUBY_ABI_VERSION=3.1.3.1    -Werror=implicit-function-declaration -Wno-int-conversion -Wno-int-to-pointer-cast -Wno-incompatible-pointer-types -Wno-format-invalid-specifier -Wno-format-extra-args -ferror-limit=500  conftest.c  -L.  -L/home/sopi/Documents/Side_projects/truffleruby/phd-bench/erubi_rails/bundle/truffleruby/3.1.3.1/gems/sqlite3-1.6.0/ports/x86_64-unknown-linux-gnu/sqlite3/3.40.1/lib -L/home/sopi/Documents/Side_projects/truffleruby/phd-bench/erubi_rails/bundle/truffleruby/3.1.3.1/gems/sqlite3-1.6.0/ports/x86_64-unknown-linux-gnu/sqlite3/3.40.1/lib     -lsqlite3 -lgraalvm-llvm -lsqlite3   -L/home/sopi/Documents/Side_projects/graal/sdk/mxbuild/linux-amd64/GRAALVM_A33290E019_JAVA19/graalvm-a33290e019-java19-23.0.0-dev/languages/ruby/lib/cext -rpath /home/sopi/Documents/Side_projects/graal/sdk/mxbuild/linux-amd64/GRAALVM_A33290E019_JAVA19/graalvm-a33290e019-java19-23.0.0-dev/languages/ruby/lib/cext -ltruffleruby -rpath /home/sopi/Documents/Side_projects/graal/sdk/mxbuild/linux-amd64/GRAALVM_A33290E019_JAVA19/graalvm-a33290e019-java19-23.0.0-dev/languages/llvm/native/lib"
checked program was:
/* begin */
1: #include "ruby.h"
2: 
3: int main(int argc, char **argv)
4: {
5:   return !!argv[argc];
6: }
/* end */

--------------------

block in append_ldflags: checking for whether -lz is accepted as LDFLAGS... -------------------- yes

LD_LIBRARY_PATH=. "/home/sopi/Documents/Side_projects/graal/sdk/mxbuild/linux-amd64/GRAALVM_A33290E019_JAVA19/graalvm-a33290e019-java19-23.0.0-dev/languages/llvm/native/bin/graalvm-native-clang -o conftest -I/home/sopi/Documents/Side_projects/graal/sdk/mxbuild/linux-amd64/GRAALVM_A33290E019_JAVA19/graalvm-a33290e019-java19-23.0.0-dev/languages/ruby/lib/cext/include -I/home/sopi/Documents/Side_projects/graal/sdk/mxbuild/linux-amd64/GRAALVM_A33290E019_JAVA19/graalvm-a33290e019-java19-23.0.0-dev/languages/ruby/lib/cext/include/ruby/backward -I/home/sopi/Documents/Side_projects/graal/sdk/mxbuild/linux-amd64/GRAALVM_A33290E019_JAVA19/graalvm-a33290e019-java19-23.0.0-dev/languages/ruby/lib/cext/include -I. -I/home/sopi/Documents/Side_projects/truffleruby/phd-bench/erubi_rails/bundle/truffleruby/3.1.3.1/gems/sqlite3-1.6.0/ports/x86_64-unknown-linux-gnu/sqlite3/3.40.1/include  -DTRUFFLERUBY_ABI_VERSION=3.1.3.1    -Werror=implicit-function-declaration -Wno-int-conversion -Wno-int-to-pointer-cast -Wno-incompatible-pointer-types -Wno-format-invalid-specifier -Wno-format-extra-args -ferror-limit=500  conftest.c  -L.  -L/home/sopi/Documents/Side_projects/truffleruby/phd-bench/erubi_rails/bundle/truffleruby/3.1.3.1/gems/sqlite3-1.6.0/ports/x86_64-unknown-linux-gnu/sqlite3/3.40.1/lib -L/home/sopi/Documents/Side_projects/truffleruby/phd-bench/erubi_rails/bundle/truffleruby/3.1.3.1/gems/sqlite3-1.6.0/ports/x86_64-unknown-linux-gnu/sqlite3/3.40.1/lib -lsqlite3     -lsqlite3 -lgraalvm-llvm -lz   -L/home/sopi/Documents/Side_projects/graal/sdk/mxbuild/linux-amd64/GRAALVM_A33290E019_JAVA19/graalvm-a33290e019-java19-23.0.0-dev/languages/ruby/lib/cext -rpath /home/sopi/Documents/Side_projects/graal/sdk/mxbuild/linux-amd64/GRAALVM_A33290E019_JAVA19/graalvm-a33290e019-java19-23.0.0-dev/languages/ruby/lib/cext -ltruffleruby -rpath /home/sopi/Documents/Side_projects/graal/sdk/mxbuild/linux-amd64/GRAALVM_A33290E019_JAVA19/graalvm-a33290e019-java19-23.0.0-dev/languages/llvm/native/lib"
checked program was:
/* begin */
1: #include "ruby.h"
2: 
3: int main(int argc, char **argv)
4: {
5:   return !!argv[argc];
6: }
/* end */

--------------------

block in append_ldflags: checking for whether -lm is accepted as LDFLAGS... -------------------- yes

LD_LIBRARY_PATH=. "/home/sopi/Documents/Side_projects/graal/sdk/mxbuild/linux-amd64/GRAALVM_A33290E019_JAVA19/graalvm-a33290e019-java19-23.0.0-dev/languages/llvm/native/bin/graalvm-native-clang -o conftest -I/home/sopi/Documents/Side_projects/graal/sdk/mxbuild/linux-amd64/GRAALVM_A33290E019_JAVA19/graalvm-a33290e019-java19-23.0.0-dev/languages/ruby/lib/cext/include -I/home/sopi/Documents/Side_projects/graal/sdk/mxbuild/linux-amd64/GRAALVM_A33290E019_JAVA19/graalvm-a33290e019-java19-23.0.0-dev/languages/ruby/lib/cext/include/ruby/backward -I/home/sopi/Documents/Side_projects/graal/sdk/mxbuild/linux-amd64/GRAALVM_A33290E019_JAVA19/graalvm-a33290e019-java19-23.0.0-dev/languages/ruby/lib/cext/include -I. -I/home/sopi/Documents/Side_projects/truffleruby/phd-bench/erubi_rails/bundle/truffleruby/3.1.3.1/gems/sqlite3-1.6.0/ports/x86_64-unknown-linux-gnu/sqlite3/3.40.1/include  -DTRUFFLERUBY_ABI_VERSION=3.1.3.1    -Werror=implicit-function-declaration -Wno-int-conversion -Wno-int-to-pointer-cast -Wno-incompatible-pointer-types -Wno-format-invalid-specifier -Wno-format-extra-args -ferror-limit=500  conftest.c  -L.  -L/home/sopi/Documents/Side_projects/truffleruby/phd-bench/erubi_rails/bundle/truffleruby/3.1.3.1/gems/sqlite3-1.6.0/ports/x86_64-unknown-linux-gnu/sqlite3/3.40.1/lib -L/home/sopi/Documents/Side_projects/truffleruby/phd-bench/erubi_rails/bundle/truffleruby/3.1.3.1/gems/sqlite3-1.6.0/ports/x86_64-unknown-linux-gnu/sqlite3/3.40.1/lib -lsqlite3 -lz     -lsqlite3 -lgraalvm-llvm -lm   -L/home/sopi/Documents/Side_projects/graal/sdk/mxbuild/linux-amd64/GRAALVM_A33290E019_JAVA19/graalvm-a33290e019-java19-23.0.0-dev/languages/ruby/lib/cext -rpath /home/sopi/Documents/Side_projects/graal/sdk/mxbuild/linux-amd64/GRAALVM_A33290E019_JAVA19/graalvm-a33290e019-java19-23.0.0-dev/languages/ruby/lib/cext -ltruffleruby -rpath /home/sopi/Documents/Side_projects/graal/sdk/mxbuild/linux-amd64/GRAALVM_A33290E019_JAVA19/graalvm-a33290e019-java19-23.0.0-dev/languages/llvm/native/lib"
checked program was:
/* begin */
1: #include "ruby.h"
2: 
3: int main(int argc, char **argv)
4: {
5:   return !!argv[argc];
6: }
/* end */

--------------------

block in append_ldflags: checking for whether -ldl is accepted as LDFLAGS... -------------------- yes

LD_LIBRARY_PATH=. "/home/sopi/Documents/Side_projects/graal/sdk/mxbuild/linux-amd64/GRAALVM_A33290E019_JAVA19/graalvm-a33290e019-java19-23.0.0-dev/languages/llvm/native/bin/graalvm-native-clang -o conftest -I/home/sopi/Documents/Side_projects/graal/sdk/mxbuild/linux-amd64/GRAALVM_A33290E019_JAVA19/graalvm-a33290e019-java19-23.0.0-dev/languages/ruby/lib/cext/include -I/home/sopi/Documents/Side_projects/graal/sdk/mxbuild/linux-amd64/GRAALVM_A33290E019_JAVA19/graalvm-a33290e019-java19-23.0.0-dev/languages/ruby/lib/cext/include/ruby/backward -I/home/sopi/Documents/Side_projects/graal/sdk/mxbuild/linux-amd64/GRAALVM_A33290E019_JAVA19/graalvm-a33290e019-java19-23.0.0-dev/languages/ruby/lib/cext/include -I. -I/home/sopi/Documents/Side_projects/truffleruby/phd-bench/erubi_rails/bundle/truffleruby/3.1.3.1/gems/sqlite3-1.6.0/ports/x86_64-unknown-linux-gnu/sqlite3/3.40.1/include  -DTRUFFLERUBY_ABI_VERSION=3.1.3.1    -Werror=implicit-function-declaration -Wno-int-conversion -Wno-int-to-pointer-cast -Wno-incompatible-pointer-types -Wno-format-invalid-specifier -Wno-format-extra-args -ferror-limit=500  conftest.c  -L.  -L/home/sopi/Documents/Side_projects/truffleruby/phd-bench/erubi_rails/bundle/truffleruby/3.1.3.1/gems/sqlite3-1.6.0/ports/x86_64-unknown-linux-gnu/sqlite3/3.40.1/lib -L/home/sopi/Documents/Side_projects/truffleruby/phd-bench/erubi_rails/bundle/truffleruby/3.1.3.1/gems/sqlite3-1.6.0/ports/x86_64-unknown-linux-gnu/sqlite3/3.40.1/lib -lsqlite3 -lz -lm     -lsqlite3 -lgraalvm-llvm -ldl   -L/home/sopi/Documents/Side_projects/graal/sdk/mxbuild/linux-amd64/GRAALVM_A33290E019_JAVA19/graalvm-a33290e019-java19-23.0.0-dev/languages/ruby/lib/cext -rpath /home/sopi/Documents/Side_projects/graal/sdk/mxbuild/linux-amd64/GRAALVM_A33290E019_JAVA19/graalvm-a33290e019-java19-23.0.0-dev/languages/ruby/lib/cext -ltruffleruby -rpath /home/sopi/Documents/Side_projects/graal/sdk/mxbuild/linux-amd64/GRAALVM_A33290E019_JAVA19/graalvm-a33290e019-java19-23.0.0-dev/languages/llvm/native/lib"
checked program was:
/* begin */
1: #include "ruby.h"
2: 
3: int main(int argc, char **argv)
4: {
5:   return !!argv[argc];
6: }
/* end */

--------------------

block in append_ldflags: checking for whether -lpthread is accepted as LDFLAGS... -------------------- yes

LD_LIBRARY_PATH=. "/home/sopi/Documents/Side_projects/graal/sdk/mxbuild/linux-amd64/GRAALVM_A33290E019_JAVA19/graalvm-a33290e019-java19-23.0.0-dev/languages/llvm/native/bin/graalvm-native-clang -o conftest -I/home/sopi/Documents/Side_projects/graal/sdk/mxbuild/linux-amd64/GRAALVM_A33290E019_JAVA19/graalvm-a33290e019-java19-23.0.0-dev/languages/ruby/lib/cext/include -I/home/sopi/Documents/Side_projects/graal/sdk/mxbuild/linux-amd64/GRAALVM_A33290E019_JAVA19/graalvm-a33290e019-java19-23.0.0-dev/languages/ruby/lib/cext/include/ruby/backward -I/home/sopi/Documents/Side_projects/graal/sdk/mxbuild/linux-amd64/GRAALVM_A33290E019_JAVA19/graalvm-a33290e019-java19-23.0.0-dev/languages/ruby/lib/cext/include -I. -I/home/sopi/Documents/Side_projects/truffleruby/phd-bench/erubi_rails/bundle/truffleruby/3.1.3.1/gems/sqlite3-1.6.0/ports/x86_64-unknown-linux-gnu/sqlite3/3.40.1/include  -DTRUFFLERUBY_ABI_VERSION=3.1.3.1    -Werror=implicit-function-declaration -Wno-int-conversion -Wno-int-to-pointer-cast -Wno-incompatible-pointer-types -Wno-format-invalid-specifier -Wno-format-extra-args -ferror-limit=500  conftest.c  -L.  -L/home/sopi/Documents/Side_projects/truffleruby/phd-bench/erubi_rails/bundle/truffleruby/3.1.3.1/gems/sqlite3-1.6.0/ports/x86_64-unknown-linux-gnu/sqlite3/3.40.1/lib -L/home/sopi/Documents/Side_projects/truffleruby/phd-bench/erubi_rails/bundle/truffleruby/3.1.3.1/gems/sqlite3-1.6.0/ports/x86_64-unknown-linux-gnu/sqlite3/3.40.1/lib -lsqlite3 -lz -lm -ldl     -lsqlite3 -lgraalvm-llvm -lpthread   -L/home/sopi/Documents/Side_projects/graal/sdk/mxbuild/linux-amd64/GRAALVM_A33290E019_JAVA19/graalvm-a33290e019-java19-23.0.0-dev/languages/ruby/lib/cext -rpath /home/sopi/Documents/Side_projects/graal/sdk/mxbuild/linux-amd64/GRAALVM_A33290E019_JAVA19/graalvm-a33290e019-java19-23.0.0-dev/languages/ruby/lib/cext -ltruffleruby -rpath /home/sopi/Documents/Side_projects/graal/sdk/mxbuild/linux-amd64/GRAALVM_A33290E019_JAVA19/graalvm-a33290e019-java19-23.0.0-dev/languages/llvm/native/lib"
checked program was:
/* begin */
1: #include "ruby.h"
2: 
3: int main(int argc, char **argv)
4: {
5:   return !!argv[argc];
6: }
/* end */

--------------------

block in append_cflags: checking for whether -fvisibility=hidden is accepted as CFLAGS... -------------------- yes

LD_LIBRARY_PATH=. "/home/sopi/Documents/Side_projects/graal/sdk/mxbuild/linux-amd64/GRAALVM_A33290E019_JAVA19/graalvm-a33290e019-java19-23.0.0-dev/languages/llvm/native/bin/graalvm-native-clang -I/home/sopi/Documents/Side_projects/graal/sdk/mxbuild/linux-amd64/GRAALVM_A33290E019_JAVA19/graalvm-a33290e019-java19-23.0.0-dev/languages/ruby/lib/cext/include -I/home/sopi/Documents/Side_projects/graal/sdk/mxbuild/linux-amd64/GRAALVM_A33290E019_JAVA19/graalvm-a33290e019-java19-23.0.0-dev/languages/ruby/lib/cext/include/ruby/backward -I/home/sopi/Documents/Side_projects/graal/sdk/mxbuild/linux-amd64/GRAALVM_A33290E019_JAVA19/graalvm-a33290e019-java19-23.0.0-dev/languages/ruby/lib/cext/include -I. -I/home/sopi/Documents/Side_projects/truffleruby/phd-bench/erubi_rails/bundle/truffleruby/3.1.3.1/gems/sqlite3-1.6.0/ports/x86_64-unknown-linux-gnu/sqlite3/3.40.1/include  -DTRUFFLERUBY_ABI_VERSION=3.1.3.1    -Werror=implicit-function-declaration -Wno-int-conversion -Wno-int-to-pointer-cast -Wno-incompatible-pointer-types -Wno-format-invalid-specifier -Wno-format-extra-args -ferror-limit=500   -fvisibility=hidden -Werror -c conftest.c"
checked program was:
/* begin */
1: #include "ruby.h"
2: 
3: int main(int argc, char **argv)
4: {
5:   return !!argv[argc];
6: }
/* end */

--------------------

find_header: checking for sqlite3.h... -------------------- yes

LD_LIBRARY_PATH=. "/home/sopi/Documents/Side_projects/graal/sdk/mxbuild/linux-amd64/GRAALVM_A33290E019_JAVA19/graalvm-a33290e019-java19-23.0.0-dev/languages/llvm/native/bin/graalvm-native-clang -I/home/sopi/Documents/Side_projects/graal/sdk/mxbuild/linux-amd64/GRAALVM_A33290E019_JAVA19/graalvm-a33290e019-java19-23.0.0-dev/languages/ruby/lib/cext/include -I/home/sopi/Documents/Side_projects/graal/sdk/mxbuild/linux-amd64/GRAALVM_A33290E019_JAVA19/graalvm-a33290e019-java19-23.0.0-dev/languages/ruby/lib/cext/include/ruby/backward -I/home/sopi/Documents/Side_projects/graal/sdk/mxbuild/linux-amd64/GRAALVM_A33290E019_JAVA19/graalvm-a33290e019-java19-23.0.0-dev/languages/ruby/lib/cext/include -I. -I/home/sopi/Documents/Side_projects/truffleruby/phd-bench/erubi_rails/bundle/truffleruby/3.1.3.1/gems/sqlite3-1.6.0/ports/x86_64-unknown-linux-gnu/sqlite3/3.40.1/include  -DTRUFFLERUBY_ABI_VERSION=3.1.3.1    -Werror=implicit-function-declaration -Wno-int-conversion -Wno-int-to-pointer-cast -Wno-incompatible-pointer-types -Wno-format-invalid-specifier -Wno-format-extra-args -ferror-limit=500  -fvisibility=hidden   -c conftest.c"
checked program was:
/* begin */
1: #include "ruby.h"
2: 
3: #include <sqlite3.h>
/* end */

--------------------

find_library: checking for sqlite3_libversion_number() in -lsqlite3... -------------------- yes

LD_LIBRARY_PATH=. "/home/sopi/Documents/Side_projects/graal/sdk/mxbuild/linux-amd64/GRAALVM_A33290E019_JAVA19/graalvm-a33290e019-java19-23.0.0-dev/languages/llvm/native/bin/graalvm-native-clang -o conftest -I/home/sopi/Documents/Side_projects/graal/sdk/mxbuild/linux-amd64/GRAALVM_A33290E019_JAVA19/graalvm-a33290e019-java19-23.0.0-dev/languages/ruby/lib/cext/include -I/home/sopi/Documents/Side_projects/graal/sdk/mxbuild/linux-amd64/GRAALVM_A33290E019_JAVA19/graalvm-a33290e019-java19-23.0.0-dev/languages/ruby/lib/cext/include/ruby/backward -I/home/sopi/Documents/Side_projects/graal/sdk/mxbuild/linux-amd64/GRAALVM_A33290E019_JAVA19/graalvm-a33290e019-java19-23.0.0-dev/languages/ruby/lib/cext/include -I. -I/home/sopi/Documents/Side_projects/truffleruby/phd-bench/erubi_rails/bundle/truffleruby/3.1.3.1/gems/sqlite3-1.6.0/ports/x86_64-unknown-linux-gnu/sqlite3/3.40.1/include  -DTRUFFLERUBY_ABI_VERSION=3.1.3.1    -Werror=implicit-function-declaration -Wno-int-conversion -Wno-int-to-pointer-cast -Wno-incompatible-pointer-types -Wno-format-invalid-specifier -Wno-format-extra-args -ferror-limit=500  -fvisibility=hidden conftest.c  -L.  -L/home/sopi/Documents/Side_projects/truffleruby/phd-bench/erubi_rails/bundle/truffleruby/3.1.3.1/gems/sqlite3-1.6.0/ports/x86_64-unknown-linux-gnu/sqlite3/3.40.1/lib -L/home/sopi/Documents/Side_projects/truffleruby/phd-bench/erubi_rails/bundle/truffleruby/3.1.3.1/gems/sqlite3-1.6.0/ports/x86_64-unknown-linux-gnu/sqlite3/3.40.1/lib -lsqlite3 -lz -lm -ldl -lpthread     -lsqlite3 -lgraalvm-llvm -lsqlite3  -lsqlite3   -L/home/sopi/Documents/Side_projects/graal/sdk/mxbuild/linux-amd64/GRAALVM_A33290E019_JAVA19/graalvm-a33290e019-java19-23.0.0-dev/languages/ruby/lib/cext -rpath /home/sopi/Documents/Side_projects/graal/sdk/mxbuild/linux-amd64/GRAALVM_A33290E019_JAVA19/graalvm-a33290e019-java19-23.0.0-dev/languages/ruby/lib/cext -ltruffleruby -rpath /home/sopi/Documents/Side_projects/graal/sdk/mxbuild/linux-amd64/GRAALVM_A33290E019_JAVA19/graalvm-a33290e019-java19-23.0.0-dev/languages/llvm/native/lib"
conftest.c:14:57: error: use of undeclared identifier 'sqlite3_libversion_number'
int t(void) { void ((*volatile p)()); p = (void ((*)()))sqlite3_libversion_number; return !p; }
                                                        ^
1 error generated.
Process failed: #<Process::Status: pid 23440 exit 1>
checked program was:
/* begin */
 1: #include "ruby.h"
 2: 
 3: /*top*/
 4: extern int t(void);
 5: int main(int argc, char **argv)
 6: {
 7:   if (argc > 1000000) {
 8:     int (* volatile tp)(void)=(int (*)(void))&t;
 9:     printf("%d", (*tp)());
10:   }
11: 
12:   return !!argv[argc];
13: }
14: int t(void) { void ((*volatile p)()); p = (void ((*)()))sqlite3_libversion_number; return !p; }
/* end */

LD_LIBRARY_PATH=. "/home/sopi/Documents/Side_projects/graal/sdk/mxbuild/linux-amd64/GRAALVM_A33290E019_JAVA19/graalvm-a33290e019-java19-23.0.0-dev/languages/llvm/native/bin/graalvm-native-clang -o conftest -I/home/sopi/Documents/Side_projects/graal/sdk/mxbuild/linux-amd64/GRAALVM_A33290E019_JAVA19/graalvm-a33290e019-java19-23.0.0-dev/languages/ruby/lib/cext/include -I/home/sopi/Documents/Side_projects/graal/sdk/mxbuild/linux-amd64/GRAALVM_A33290E019_JAVA19/graalvm-a33290e019-java19-23.0.0-dev/languages/ruby/lib/cext/include/ruby/backward -I/home/sopi/Documents/Side_projects/graal/sdk/mxbuild/linux-amd64/GRAALVM_A33290E019_JAVA19/graalvm-a33290e019-java19-23.0.0-dev/languages/ruby/lib/cext/include -I. -I/home/sopi/Documents/Side_projects/truffleruby/phd-bench/erubi_rails/bundle/truffleruby/3.1.3.1/gems/sqlite3-1.6.0/ports/x86_64-unknown-linux-gnu/sqlite3/3.40.1/include  -DTRUFFLERUBY_ABI_VERSION=3.1.3.1    -Werror=implicit-function-declaration -Wno-int-conversion -Wno-int-to-pointer-cast -Wno-incompatible-pointer-types -Wno-format-invalid-specifier -Wno-format-extra-args -ferror-limit=500  -fvisibility=hidden conftest.c  -L.  -L/home/sopi/Documents/Side_projects/truffleruby/phd-bench/erubi_rails/bundle/truffleruby/3.1.3.1/gems/sqlite3-1.6.0/ports/x86_64-unknown-linux-gnu/sqlite3/3.40.1/lib -L/home/sopi/Documents/Side_projects/truffleruby/phd-bench/erubi_rails/bundle/truffleruby/3.1.3.1/gems/sqlite3-1.6.0/ports/x86_64-unknown-linux-gnu/sqlite3/3.40.1/lib -lsqlite3 -lz -lm -ldl -lpthread     -lsqlite3 -lgraalvm-llvm -lsqlite3  -lsqlite3   -L/home/sopi/Documents/Side_projects/graal/sdk/mxbuild/linux-amd64/GRAALVM_A33290E019_JAVA19/graalvm-a33290e019-java19-23.0.0-dev/languages/ruby/lib/cext -rpath /home/sopi/Documents/Side_projects/graal/sdk/mxbuild/linux-amd64/GRAALVM_A33290E019_JAVA19/graalvm-a33290e019-java19-23.0.0-dev/languages/ruby/lib/cext -ltruffleruby -rpath /home/sopi/Documents/Side_projects/graal/sdk/mxbuild/linux-amd64/GRAALVM_A33290E019_JAVA19/graalvm-a33290e019-java19-23.0.0-dev/languages/llvm/native/lib"
checked program was:
/* begin */
 1: #include "ruby.h"
 2: 
 3: /*top*/
 4: extern int t(void);
 5: int main(int argc, char **argv)
 6: {
 7:   if (argc > 1000000) {
 8:     int (* volatile tp)(void)=(int (*)(void))&t;
 9:     printf("%d", (*tp)());
10:   }
11: 
12:   return !!argv[argc];
13: }
14: extern void sqlite3_libversion_number();
15: int t(void) { sqlite3_libversion_number(); return 0; }
/* end */

--------------------

have_func: checking for rb_proc_arity()... -------------------- yes

LD_LIBRARY_PATH=. "/home/sopi/Documents/Side_projects/graal/sdk/mxbuild/linux-amd64/GRAALVM_A33290E019_JAVA19/graalvm-a33290e019-java19-23.0.0-dev/languages/llvm/native/bin/graalvm-native-clang -o conftest -I/home/sopi/Documents/Side_projects/graal/sdk/mxbuild/linux-amd64/GRAALVM_A33290E019_JAVA19/graalvm-a33290e019-java19-23.0.0-dev/languages/ruby/lib/cext/include -I/home/sopi/Documents/Side_projects/graal/sdk/mxbuild/linux-amd64/GRAALVM_A33290E019_JAVA19/graalvm-a33290e019-java19-23.0.0-dev/languages/ruby/lib/cext/include/ruby/backward -I/home/sopi/Documents/Side_projects/graal/sdk/mxbuild/linux-amd64/GRAALVM_A33290E019_JAVA19/graalvm-a33290e019-java19-23.0.0-dev/languages/ruby/lib/cext/include -I. -I/home/sopi/Documents/Side_projects/truffleruby/phd-bench/erubi_rails/bundle/truffleruby/3.1.3.1/gems/sqlite3-1.6.0/ports/x86_64-unknown-linux-gnu/sqlite3/3.40.1/include  -DTRUFFLERUBY_ABI_VERSION=3.1.3.1    -Werror=implicit-function-declaration -Wno-int-conversion -Wno-int-to-pointer-cast -Wno-incompatible-pointer-types -Wno-format-invalid-specifier -Wno-format-extra-args -ferror-limit=500  -fvisibility=hidden conftest.c  -L.  -L/home/sopi/Documents/Side_projects/truffleruby/phd-bench/erubi_rails/bundle/truffleruby/3.1.3.1/gems/sqlite3-1.6.0/ports/x86_64-unknown-linux-gnu/sqlite3/3.40.1/lib -L/home/sopi/Documents/Side_projects/truffleruby/phd-bench/erubi_rails/bundle/truffleruby/3.1.3.1/gems/sqlite3-1.6.0/ports/x86_64-unknown-linux-gnu/sqlite3/3.40.1/lib -lsqlite3 -lz -lm -ldl -lpthread    -lsqlite3  -lsqlite3 -lgraalvm-llvm -lsqlite3  -lsqlite3   -L/home/sopi/Documents/Side_projects/graal/sdk/mxbuild/linux-amd64/GRAALVM_A33290E019_JAVA19/graalvm-a33290e019-java19-23.0.0-dev/languages/ruby/lib/cext -rpath /home/sopi/Documents/Side_projects/graal/sdk/mxbuild/linux-amd64/GRAALVM_A33290E019_JAVA19/graalvm-a33290e019-java19-23.0.0-dev/languages/ruby/lib/cext -ltruffleruby -rpath /home/sopi/Documents/Side_projects/graal/sdk/mxbuild/linux-amd64/GRAALVM_A33290E019_JAVA19/graalvm-a33290e019-java19-23.0.0-dev/languages/llvm/native/lib"
checked program was:
/* begin */
 1: #include "ruby.h"
 2: 
 3: /*top*/
 4: extern int t(void);
 5: int main(int argc, char **argv)
 6: {
 7:   if (argc > 1000000) {
 8:     int (* volatile tp)(void)=(int (*)(void))&t;
 9:     printf("%d", (*tp)());
10:   }
11: 
12:   return !!argv[argc];
13: }
14: int t(void) { void ((*volatile p)()); p = (void ((*)()))rb_proc_arity; return !p; }
/* end */

--------------------

have_func: checking for rb_integer_pack()... -------------------- yes

LD_LIBRARY_PATH=. "/home/sopi/Documents/Side_projects/graal/sdk/mxbuild/linux-amd64/GRAALVM_A33290E019_JAVA19/graalvm-a33290e019-java19-23.0.0-dev/languages/llvm/native/bin/graalvm-native-clang -o conftest -I/home/sopi/Documents/Side_projects/graal/sdk/mxbuild/linux-amd64/GRAALVM_A33290E019_JAVA19/graalvm-a33290e019-java19-23.0.0-dev/languages/ruby/lib/cext/include -I/home/sopi/Documents/Side_projects/graal/sdk/mxbuild/linux-amd64/GRAALVM_A33290E019_JAVA19/graalvm-a33290e019-java19-23.0.0-dev/languages/ruby/lib/cext/include/ruby/backward -I/home/sopi/Documents/Side_projects/graal/sdk/mxbuild/linux-amd64/GRAALVM_A33290E019_JAVA19/graalvm-a33290e019-java19-23.0.0-dev/languages/ruby/lib/cext/include -I. -I/home/sopi/Documents/Side_projects/truffleruby/phd-bench/erubi_rails/bundle/truffleruby/3.1.3.1/gems/sqlite3-1.6.0/ports/x86_64-unknown-linux-gnu/sqlite3/3.40.1/include  -DTRUFFLERUBY_ABI_VERSION=3.1.3.1    -Werror=implicit-function-declaration -Wno-int-conversion -Wno-int-to-pointer-cast -Wno-incompatible-pointer-types -Wno-format-invalid-specifier -Wno-format-extra-args -ferror-limit=500  -fvisibility=hidden conftest.c  -L.  -L/home/sopi/Documents/Side_projects/truffleruby/phd-bench/erubi_rails/bundle/truffleruby/3.1.3.1/gems/sqlite3-1.6.0/ports/x86_64-unknown-linux-gnu/sqlite3/3.40.1/lib -L/home/sopi/Documents/Side_projects/truffleruby/phd-bench/erubi_rails/bundle/truffleruby/3.1.3.1/gems/sqlite3-1.6.0/ports/x86_64-unknown-linux-gnu/sqlite3/3.40.1/lib -lsqlite3 -lz -lm -ldl -lpthread    -lsqlite3  -lsqlite3 -lgraalvm-llvm -lsqlite3  -lsqlite3   -L/home/sopi/Documents/Side_projects/graal/sdk/mxbuild/linux-amd64/GRAALVM_A33290E019_JAVA19/graalvm-a33290e019-java19-23.0.0-dev/languages/ruby/lib/cext -rpath /home/sopi/Documents/Side_projects/graal/sdk/mxbuild/linux-amd64/GRAALVM_A33290E019_JAVA19/graalvm-a33290e019-java19-23.0.0-dev/languages/ruby/lib/cext -ltruffleruby -rpath /home/sopi/Documents/Side_projects/graal/sdk/mxbuild/linux-amd64/GRAALVM_A33290E019_JAVA19/graalvm-a33290e019-java19-23.0.0-dev/languages/llvm/native/lib"
checked program was:
/* begin */
 1: #include "ruby.h"
 2: 
 3: /*top*/
 4: extern int t(void);
 5: int main(int argc, char **argv)
 6: {
 7:   if (argc > 1000000) {
 8:     int (* volatile tp)(void)=(int (*)(void))&t;
 9:     printf("%d", (*tp)());
10:   }
11: 
12:   return !!argv[argc];
13: }
14: int t(void) { void ((*volatile p)()); p = (void ((*)()))rb_integer_pack; return !p; }
/* end */

--------------------

have_func: checking for sqlite3_initialize()... -------------------- yes

LD_LIBRARY_PATH=. "/home/sopi/Documents/Side_projects/graal/sdk/mxbuild/linux-amd64/GRAALVM_A33290E019_JAVA19/graalvm-a33290e019-java19-23.0.0-dev/languages/llvm/native/bin/graalvm-native-clang -o conftest -I/home/sopi/Documents/Side_projects/graal/sdk/mxbuild/linux-amd64/GRAALVM_A33290E019_JAVA19/graalvm-a33290e019-java19-23.0.0-dev/languages/ruby/lib/cext/include -I/home/sopi/Documents/Side_projects/graal/sdk/mxbuild/linux-amd64/GRAALVM_A33290E019_JAVA19/graalvm-a33290e019-java19-23.0.0-dev/languages/ruby/lib/cext/include/ruby/backward -I/home/sopi/Documents/Side_projects/graal/sdk/mxbuild/linux-amd64/GRAALVM_A33290E019_JAVA19/graalvm-a33290e019-java19-23.0.0-dev/languages/ruby/lib/cext/include -I. -I/home/sopi/Documents/Side_projects/truffleruby/phd-bench/erubi_rails/bundle/truffleruby/3.1.3.1/gems/sqlite3-1.6.0/ports/x86_64-unknown-linux-gnu/sqlite3/3.40.1/include  -DTRUFFLERUBY_ABI_VERSION=3.1.3.1    -Werror=implicit-function-declaration -Wno-int-conversion -Wno-int-to-pointer-cast -Wno-incompatible-pointer-types -Wno-format-invalid-specifier -Wno-format-extra-args -ferror-limit=500  -fvisibility=hidden conftest.c  -L.  -L/home/sopi/Documents/Side_projects/truffleruby/phd-bench/erubi_rails/bundle/truffleruby/3.1.3.1/gems/sqlite3-1.6.0/ports/x86_64-unknown-linux-gnu/sqlite3/3.40.1/lib -L/home/sopi/Documents/Side_projects/truffleruby/phd-bench/erubi_rails/bundle/truffleruby/3.1.3.1/gems/sqlite3-1.6.0/ports/x86_64-unknown-linux-gnu/sqlite3/3.40.1/lib -lsqlite3 -lz -lm -ldl -lpthread    -lsqlite3  -lsqlite3 -lgraalvm-llvm -lsqlite3  -lsqlite3   -L/home/sopi/Documents/Side_projects/graal/sdk/mxbuild/linux-amd64/GRAALVM_A33290E019_JAVA19/graalvm-a33290e019-java19-23.0.0-dev/languages/ruby/lib/cext -rpath /home/sopi/Documents/Side_projects/graal/sdk/mxbuild/linux-amd64/GRAALVM_A33290E019_JAVA19/graalvm-a33290e019-java19-23.0.0-dev/languages/ruby/lib/cext -ltruffleruby -rpath /home/sopi/Documents/Side_projects/graal/sdk/mxbuild/linux-amd64/GRAALVM_A33290E019_JAVA19/graalvm-a33290e019-java19-23.0.0-dev/languages/llvm/native/lib"
conftest.c:14:57: error: use of undeclared identifier 'sqlite3_initialize'
int t(void) { void ((*volatile p)()); p = (void ((*)()))sqlite3_initialize; return !p; }
                                                        ^
1 error generated.
Process failed: #<Process::Status: pid 23712 exit 1>
checked program was:
/* begin */
 1: #include "ruby.h"
 2: 
 3: /*top*/
 4: extern int t(void);
 5: int main(int argc, char **argv)
 6: {
 7:   if (argc > 1000000) {
 8:     int (* volatile tp)(void)=(int (*)(void))&t;
 9:     printf("%d", (*tp)());
10:   }
11: 
12:   return !!argv[argc];
13: }
14: int t(void) { void ((*volatile p)()); p = (void ((*)()))sqlite3_initialize; return !p; }
/* end */

LD_LIBRARY_PATH=. "/home/sopi/Documents/Side_projects/graal/sdk/mxbuild/linux-amd64/GRAALVM_A33290E019_JAVA19/graalvm-a33290e019-java19-23.0.0-dev/languages/llvm/native/bin/graalvm-native-clang -o conftest -I/home/sopi/Documents/Side_projects/graal/sdk/mxbuild/linux-amd64/GRAALVM_A33290E019_JAVA19/graalvm-a33290e019-java19-23.0.0-dev/languages/ruby/lib/cext/include -I/home/sopi/Documents/Side_projects/graal/sdk/mxbuild/linux-amd64/GRAALVM_A33290E019_JAVA19/graalvm-a33290e019-java19-23.0.0-dev/languages/ruby/lib/cext/include/ruby/backward -I/home/sopi/Documents/Side_projects/graal/sdk/mxbuild/linux-amd64/GRAALVM_A33290E019_JAVA19/graalvm-a33290e019-java19-23.0.0-dev/languages/ruby/lib/cext/include -I. -I/home/sopi/Documents/Side_projects/truffleruby/phd-bench/erubi_rails/bundle/truffleruby/3.1.3.1/gems/sqlite3-1.6.0/ports/x86_64-unknown-linux-gnu/sqlite3/3.40.1/include  -DTRUFFLERUBY_ABI_VERSION=3.1.3.1    -Werror=implicit-function-declaration -Wno-int-conversion -Wno-int-to-pointer-cast -Wno-incompatible-pointer-types -Wno-format-invalid-specifier -Wno-format-extra-args -ferror-limit=500  -fvisibility=hidden conftest.c  -L.  -L/home/sopi/Documents/Side_projects/truffleruby/phd-bench/erubi_rails/bundle/truffleruby/3.1.3.1/gems/sqlite3-1.6.0/ports/x86_64-unknown-linux-gnu/sqlite3/3.40.1/lib -L/home/sopi/Documents/Side_projects/truffleruby/phd-bench/erubi_rails/bundle/truffleruby/3.1.3.1/gems/sqlite3-1.6.0/ports/x86_64-unknown-linux-gnu/sqlite3/3.40.1/lib -lsqlite3 -lz -lm -ldl -lpthread    -lsqlite3  -lsqlite3 -lgraalvm-llvm -lsqlite3  -lsqlite3   -L/home/sopi/Documents/Side_projects/graal/sdk/mxbuild/linux-amd64/GRAALVM_A33290E019_JAVA19/graalvm-a33290e019-java19-23.0.0-dev/languages/ruby/lib/cext -rpath /home/sopi/Documents/Side_projects/graal/sdk/mxbuild/linux-amd64/GRAALVM_A33290E019_JAVA19/graalvm-a33290e019-java19-23.0.0-dev/languages/ruby/lib/cext -ltruffleruby -rpath /home/sopi/Documents/Side_projects/graal/sdk/mxbuild/linux-amd64/GRAALVM_A33290E019_JAVA19/graalvm-a33290e019-java19-23.0.0-dev/languages/llvm/native/lib"
checked program was:
/* begin */
 1: #include "ruby.h"
 2: 
 3: /*top*/
 4: extern int t(void);
 5: int main(int argc, char **argv)
 6: {
 7:   if (argc > 1000000) {
 8:     int (* volatile tp)(void)=(int (*)(void))&t;
 9:     printf("%d", (*tp)());
10:   }
11: 
12:   return !!argv[argc];
13: }
14: extern void sqlite3_initialize();
15: int t(void) { sqlite3_initialize(); return 0; }
/* end */

--------------------

have_func: checking for sqlite3_backup_init()... -------------------- yes

LD_LIBRARY_PATH=. "/home/sopi/Documents/Side_projects/graal/sdk/mxbuild/linux-amd64/GRAALVM_A33290E019_JAVA19/graalvm-a33290e019-java19-23.0.0-dev/languages/llvm/native/bin/graalvm-native-clang -o conftest -I/home/sopi/Documents/Side_projects/graal/sdk/mxbuild/linux-amd64/GRAALVM_A33290E019_JAVA19/graalvm-a33290e019-java19-23.0.0-dev/languages/ruby/lib/cext/include -I/home/sopi/Documents/Side_projects/graal/sdk/mxbuild/linux-amd64/GRAALVM_A33290E019_JAVA19/graalvm-a33290e019-java19-23.0.0-dev/languages/ruby/lib/cext/include/ruby/backward -I/home/sopi/Documents/Side_projects/graal/sdk/mxbuild/linux-amd64/GRAALVM_A33290E019_JAVA19/graalvm-a33290e019-java19-23.0.0-dev/languages/ruby/lib/cext/include -I. -I/home/sopi/Documents/Side_projects/truffleruby/phd-bench/erubi_rails/bundle/truffleruby/3.1.3.1/gems/sqlite3-1.6.0/ports/x86_64-unknown-linux-gnu/sqlite3/3.40.1/include  -DTRUFFLERUBY_ABI_VERSION=3.1.3.1    -Werror=implicit-function-declaration -Wno-int-conversion -Wno-int-to-pointer-cast -Wno-incompatible-pointer-types -Wno-format-invalid-specifier -Wno-format-extra-args -ferror-limit=500  -fvisibility=hidden conftest.c  -L.  -L/home/sopi/Documents/Side_projects/truffleruby/phd-bench/erubi_rails/bundle/truffleruby/3.1.3.1/gems/sqlite3-1.6.0/ports/x86_64-unknown-linux-gnu/sqlite3/3.40.1/lib -L/home/sopi/Documents/Side_projects/truffleruby/phd-bench/erubi_rails/bundle/truffleruby/3.1.3.1/gems/sqlite3-1.6.0/ports/x86_64-unknown-linux-gnu/sqlite3/3.40.1/lib -lsqlite3 -lz -lm -ldl -lpthread    -lsqlite3  -lsqlite3 -lgraalvm-llvm -lsqlite3  -lsqlite3   -L/home/sopi/Documents/Side_projects/graal/sdk/mxbuild/linux-amd64/GRAALVM_A33290E019_JAVA19/graalvm-a33290e019-java19-23.0.0-dev/languages/ruby/lib/cext -rpath /home/sopi/Documents/Side_projects/graal/sdk/mxbuild/linux-amd64/GRAALVM_A33290E019_JAVA19/graalvm-a33290e019-java19-23.0.0-dev/languages/ruby/lib/cext -ltruffleruby -rpath /home/sopi/Documents/Side_projects/graal/sdk/mxbuild/linux-amd64/GRAALVM_A33290E019_JAVA19/graalvm-a33290e019-java19-23.0.0-dev/languages/llvm/native/lib"
conftest.c:14:57: error: use of undeclared identifier 'sqlite3_backup_init'
int t(void) { void ((*volatile p)()); p = (void ((*)()))sqlite3_backup_init; return !p; }
                                                        ^
1 error generated.
Process failed: #<Process::Status: pid 25991 exit 1>
checked program was:
/* begin */
 1: #include "ruby.h"
 2: 
 3: /*top*/
 4: extern int t(void);
 5: int main(int argc, char **argv)
 6: {
 7:   if (argc > 1000000) {
 8:     int (* volatile tp)(void)=(int (*)(void))&t;
 9:     printf("%d", (*tp)());
10:   }
11: 
12:   return !!argv[argc];
13: }
14: int t(void) { void ((*volatile p)()); p = (void ((*)()))sqlite3_backup_init; return !p; }
/* end */

LD_LIBRARY_PATH=. "/home/sopi/Documents/Side_projects/graal/sdk/mxbuild/linux-amd64/GRAALVM_A33290E019_JAVA19/graalvm-a33290e019-java19-23.0.0-dev/languages/llvm/native/bin/graalvm-native-clang -o conftest -I/home/sopi/Documents/Side_projects/graal/sdk/mxbuild/linux-amd64/GRAALVM_A33290E019_JAVA19/graalvm-a33290e019-java19-23.0.0-dev/languages/ruby/lib/cext/include -I/home/sopi/Documents/Side_projects/graal/sdk/mxbuild/linux-amd64/GRAALVM_A33290E019_JAVA19/graalvm-a33290e019-java19-23.0.0-dev/languages/ruby/lib/cext/include/ruby/backward -I/home/sopi/Documents/Side_projects/graal/sdk/mxbuild/linux-amd64/GRAALVM_A33290E019_JAVA19/graalvm-a33290e019-java19-23.0.0-dev/languages/ruby/lib/cext/include -I. -I/home/sopi/Documents/Side_projects/truffleruby/phd-bench/erubi_rails/bundle/truffleruby/3.1.3.1/gems/sqlite3-1.6.0/ports/x86_64-unknown-linux-gnu/sqlite3/3.40.1/include  -DTRUFFLERUBY_ABI_VERSION=3.1.3.1    -Werror=implicit-function-declaration -Wno-int-conversion -Wno-int-to-pointer-cast -Wno-incompatible-pointer-types -Wno-format-invalid-specifier -Wno-format-extra-args -ferror-limit=500  -fvisibility=hidden conftest.c  -L.  -L/home/sopi/Documents/Side_projects/truffleruby/phd-bench/erubi_rails/bundle/truffleruby/3.1.3.1/gems/sqlite3-1.6.0/ports/x86_64-unknown-linux-gnu/sqlite3/3.40.1/lib -L/home/sopi/Documents/Side_projects/truffleruby/phd-bench/erubi_rails/bundle/truffleruby/3.1.3.1/gems/sqlite3-1.6.0/ports/x86_64-unknown-linux-gnu/sqlite3/3.40.1/lib -lsqlite3 -lz -lm -ldl -lpthread    -lsqlite3  -lsqlite3 -lgraalvm-llvm -lsqlite3  -lsqlite3   -L/home/sopi/Documents/Side_projects/graal/sdk/mxbuild/linux-amd64/GRAALVM_A33290E019_JAVA19/graalvm-a33290e019-java19-23.0.0-dev/languages/ruby/lib/cext -rpath /home/sopi/Documents/Side_projects/graal/sdk/mxbuild/linux-amd64/GRAALVM_A33290E019_JAVA19/graalvm-a33290e019-java19-23.0.0-dev/languages/ruby/lib/cext -ltruffleruby -rpath /home/sopi/Documents/Side_projects/graal/sdk/mxbuild/linux-amd64/GRAALVM_A33290E019_JAVA19/graalvm-a33290e019-java19-23.0.0-dev/languages/llvm/native/lib"
checked program was:
/* begin */
 1: #include "ruby.h"
 2: 
 3: /*top*/
 4: extern int t(void);
 5: int main(int argc, char **argv)
 6: {
 7:   if (argc > 1000000) {
 8:     int (* volatile tp)(void)=(int (*)(void))&t;
 9:     printf("%d", (*tp)());
10:   }
11: 
12:   return !!argv[argc];
13: }
14: extern void sqlite3_backup_init();
15: int t(void) { sqlite3_backup_init(); return 0; }
/* end */

--------------------

have_func: checking for sqlite3_column_database_name()... -------------------- no

LD_LIBRARY_PATH=. "/home/sopi/Documents/Side_projects/graal/sdk/mxbuild/linux-amd64/GRAALVM_A33290E019_JAVA19/graalvm-a33290e019-java19-23.0.0-dev/languages/llvm/native/bin/graalvm-native-clang -o conftest -I/home/sopi/Documents/Side_projects/graal/sdk/mxbuild/linux-amd64/GRAALVM_A33290E019_JAVA19/graalvm-a33290e019-java19-23.0.0-dev/languages/ruby/lib/cext/include -I/home/sopi/Documents/Side_projects/graal/sdk/mxbuild/linux-amd64/GRAALVM_A33290E019_JAVA19/graalvm-a33290e019-java19-23.0.0-dev/languages/ruby/lib/cext/include/ruby/backward -I/home/sopi/Documents/Side_projects/graal/sdk/mxbuild/linux-amd64/GRAALVM_A33290E019_JAVA19/graalvm-a33290e019-java19-23.0.0-dev/languages/ruby/lib/cext/include -I. -I/home/sopi/Documents/Side_projects/truffleruby/phd-bench/erubi_rails/bundle/truffleruby/3.1.3.1/gems/sqlite3-1.6.0/ports/x86_64-unknown-linux-gnu/sqlite3/3.40.1/include  -DTRUFFLERUBY_ABI_VERSION=3.1.3.1    -Werror=implicit-function-declaration -Wno-int-conversion -Wno-int-to-pointer-cast -Wno-incompatible-pointer-types -Wno-format-invalid-specifier -Wno-format-extra-args -ferror-limit=500  -fvisibility=hidden conftest.c  -L.  -L/home/sopi/Documents/Side_projects/truffleruby/phd-bench/erubi_rails/bundle/truffleruby/3.1.3.1/gems/sqlite3-1.6.0/ports/x86_64-unknown-linux-gnu/sqlite3/3.40.1/lib -L/home/sopi/Documents/Side_projects/truffleruby/phd-bench/erubi_rails/bundle/truffleruby/3.1.3.1/gems/sqlite3-1.6.0/ports/x86_64-unknown-linux-gnu/sqlite3/3.40.1/lib -lsqlite3 -lz -lm -ldl -lpthread    -lsqlite3  -lsqlite3 -lgraalvm-llvm -lsqlite3  -lsqlite3   -L/home/sopi/Documents/Side_projects/graal/sdk/mxbuild/linux-amd64/GRAALVM_A33290E019_JAVA19/graalvm-a33290e019-java19-23.0.0-dev/languages/ruby/lib/cext -rpath /home/sopi/Documents/Side_projects/graal/sdk/mxbuild/linux-amd64/GRAALVM_A33290E019_JAVA19/graalvm-a33290e019-java19-23.0.0-dev/languages/ruby/lib/cext -ltruffleruby -rpath /home/sopi/Documents/Side_projects/graal/sdk/mxbuild/linux-amd64/GRAALVM_A33290E019_JAVA19/graalvm-a33290e019-java19-23.0.0-dev/languages/llvm/native/lib"
conftest.c:14:57: error: use of undeclared identifier 'sqlite3_column_database_name'
int t(void) { void ((*volatile p)()); p = (void ((*)()))sqlite3_column_database_name; return !p; }
                                                        ^
1 error generated.
Process failed: #<Process::Status: pid 27513 exit 1>
checked program was:
/* begin */
 1: #include "ruby.h"
 2: 
 3: /*top*/
 4: extern int t(void);
 5: int main(int argc, char **argv)
 6: {
 7:   if (argc > 1000000) {
 8:     int (* volatile tp)(void)=(int (*)(void))&t;
 9:     printf("%d", (*tp)());
10:   }
11: 
12:   return !!argv[argc];
13: }
14: int t(void) { void ((*volatile p)()); p = (void ((*)()))sqlite3_column_database_name; return !p; }
/* end */

LD_LIBRARY_PATH=. "/home/sopi/Documents/Side_projects/graal/sdk/mxbuild/linux-amd64/GRAALVM_A33290E019_JAVA19/graalvm-a33290e019-java19-23.0.0-dev/languages/llvm/native/bin/graalvm-native-clang -o conftest -I/home/sopi/Documents/Side_projects/graal/sdk/mxbuild/linux-amd64/GRAALVM_A33290E019_JAVA19/graalvm-a33290e019-java19-23.0.0-dev/languages/ruby/lib/cext/include -I/home/sopi/Documents/Side_projects/graal/sdk/mxbuild/linux-amd64/GRAALVM_A33290E019_JAVA19/graalvm-a33290e019-java19-23.0.0-dev/languages/ruby/lib/cext/include/ruby/backward -I/home/sopi/Documents/Side_projects/graal/sdk/mxbuild/linux-amd64/GRAALVM_A33290E019_JAVA19/graalvm-a33290e019-java19-23.0.0-dev/languages/ruby/lib/cext/include -I. -I/home/sopi/Documents/Side_projects/truffleruby/phd-bench/erubi_rails/bundle/truffleruby/3.1.3.1/gems/sqlite3-1.6.0/ports/x86_64-unknown-linux-gnu/sqlite3/3.40.1/include  -DTRUFFLERUBY_ABI_VERSION=3.1.3.1    -Werror=implicit-function-declaration -Wno-int-conversion -Wno-int-to-pointer-cast -Wno-incompatible-pointer-types -Wno-format-invalid-specifier -Wno-format-extra-args -ferror-limit=500  -fvisibility=hidden conftest.c  -L.  -L/home/sopi/Documents/Side_projects/truffleruby/phd-bench/erubi_rails/bundle/truffleruby/3.1.3.1/gems/sqlite3-1.6.0/ports/x86_64-unknown-linux-gnu/sqlite3/3.40.1/lib -L/home/sopi/Documents/Side_projects/truffleruby/phd-bench/erubi_rails/bundle/truffleruby/3.1.3.1/gems/sqlite3-1.6.0/ports/x86_64-unknown-linux-gnu/sqlite3/3.40.1/lib -lsqlite3 -lz -lm -ldl -lpthread    -lsqlite3  -lsqlite3 -lgraalvm-llvm -lsqlite3  -lsqlite3   -L/home/sopi/Documents/Side_projects/graal/sdk/mxbuild/linux-amd64/GRAALVM_A33290E019_JAVA19/graalvm-a33290e019-java19-23.0.0-dev/languages/ruby/lib/cext -rpath /home/sopi/Documents/Side_projects/graal/sdk/mxbuild/linux-amd64/GRAALVM_A33290E019_JAVA19/graalvm-a33290e019-java19-23.0.0-dev/languages/ruby/lib/cext -ltruffleruby -rpath /home/sopi/Documents/Side_projects/graal/sdk/mxbuild/linux-amd64/GRAALVM_A33290E019_JAVA19/graalvm-a33290e019-java19-23.0.0-dev/languages/llvm/native/lib"
ld.lld: error: undefined symbol: sqlite3_column_database_name
>>> referenced by conftest.c:15 (/home/sopi/Documents/Side_projects/truffleruby/phd-bench/erubi_rails/bundle/truffleruby/3.1.3.1/gems/sqlite3-1.6.0/ext/sqlite3/conftest.c:15)
>>>               lto.tmp:(t)
clang-15: error: linker command failed with exit code 1 (use -v to see invocation)
Process failed: #<Process::Status: pid 27541 exit 1>
checked program was:
/* begin */
 1: #include "ruby.h"
 2: 
 3: /*top*/
 4: extern int t(void);
 5: int main(int argc, char **argv)
 6: {
 7:   if (argc > 1000000) {
 8:     int (* volatile tp)(void)=(int (*)(void))&t;
 9:     printf("%d", (*tp)());
10:   }
11: 
12:   return !!argv[argc];
13: }
14: extern void sqlite3_column_database_name();
15: int t(void) { sqlite3_column_database_name(); return 0; }
/* end */

--------------------

have_func: checking for sqlite3_enable_load_extension()... -------------------- yes

LD_LIBRARY_PATH=. "/home/sopi/Documents/Side_projects/graal/sdk/mxbuild/linux-amd64/GRAALVM_A33290E019_JAVA19/graalvm-a33290e019-java19-23.0.0-dev/languages/llvm/native/bin/graalvm-native-clang -o conftest -I/home/sopi/Documents/Side_projects/graal/sdk/mxbuild/linux-amd64/GRAALVM_A33290E019_JAVA19/graalvm-a33290e019-java19-23.0.0-dev/languages/ruby/lib/cext/include -I/home/sopi/Documents/Side_projects/graal/sdk/mxbuild/linux-amd64/GRAALVM_A33290E019_JAVA19/graalvm-a33290e019-java19-23.0.0-dev/languages/ruby/lib/cext/include/ruby/backward -I/home/sopi/Documents/Side_projects/graal/sdk/mxbuild/linux-amd64/GRAALVM_A33290E019_JAVA19/graalvm-a33290e019-java19-23.0.0-dev/languages/ruby/lib/cext/include -I. -I/home/sopi/Documents/Side_projects/truffleruby/phd-bench/erubi_rails/bundle/truffleruby/3.1.3.1/gems/sqlite3-1.6.0/ports/x86_64-unknown-linux-gnu/sqlite3/3.40.1/include  -DTRUFFLERUBY_ABI_VERSION=3.1.3.1    -Werror=implicit-function-declaration -Wno-int-conversion -Wno-int-to-pointer-cast -Wno-incompatible-pointer-types -Wno-format-invalid-specifier -Wno-format-extra-args -ferror-limit=500  -fvisibility=hidden conftest.c  -L.  -L/home/sopi/Documents/Side_projects/truffleruby/phd-bench/erubi_rails/bundle/truffleruby/3.1.3.1/gems/sqlite3-1.6.0/ports/x86_64-unknown-linux-gnu/sqlite3/3.40.1/lib -L/home/sopi/Documents/Side_projects/truffleruby/phd-bench/erubi_rails/bundle/truffleruby/3.1.3.1/gems/sqlite3-1.6.0/ports/x86_64-unknown-linux-gnu/sqlite3/3.40.1/lib -lsqlite3 -lz -lm -ldl -lpthread    -lsqlite3  -lsqlite3 -lgraalvm-llvm -lsqlite3  -lsqlite3   -L/home/sopi/Documents/Side_projects/graal/sdk/mxbuild/linux-amd64/GRAALVM_A33290E019_JAVA19/graalvm-a33290e019-java19-23.0.0-dev/languages/ruby/lib/cext -rpath /home/sopi/Documents/Side_projects/graal/sdk/mxbuild/linux-amd64/GRAALVM_A33290E019_JAVA19/graalvm-a33290e019-java19-23.0.0-dev/languages/ruby/lib/cext -ltruffleruby -rpath /home/sopi/Documents/Side_projects/graal/sdk/mxbuild/linux-amd64/GRAALVM_A33290E019_JAVA19/graalvm-a33290e019-java19-23.0.0-dev/languages/llvm/native/lib"
conftest.c:14:57: error: use of undeclared identifier 'sqlite3_enable_load_extension'
int t(void) { void ((*volatile p)()); p = (void ((*)()))sqlite3_enable_load_extension; return !p; }
                                                        ^
1 error generated.
Process failed: #<Process::Status: pid 27576 exit 1>
checked program was:
/* begin */
 1: #include "ruby.h"
 2: 
 3: /*top*/
 4: extern int t(void);
 5: int main(int argc, char **argv)
 6: {
 7:   if (argc > 1000000) {
 8:     int (* volatile tp)(void)=(int (*)(void))&t;
 9:     printf("%d", (*tp)());
10:   }
11: 
12:   return !!argv[argc];
13: }
14: int t(void) { void ((*volatile p)()); p = (void ((*)()))sqlite3_enable_load_extension; return !p; }
/* end */

LD_LIBRARY_PATH=. "/home/sopi/Documents/Side_projects/graal/sdk/mxbuild/linux-amd64/GRAALVM_A33290E019_JAVA19/graalvm-a33290e019-java19-23.0.0-dev/languages/llvm/native/bin/graalvm-native-clang -o conftest -I/home/sopi/Documents/Side_projects/graal/sdk/mxbuild/linux-amd64/GRAALVM_A33290E019_JAVA19/graalvm-a33290e019-java19-23.0.0-dev/languages/ruby/lib/cext/include -I/home/sopi/Documents/Side_projects/graal/sdk/mxbuild/linux-amd64/GRAALVM_A33290E019_JAVA19/graalvm-a33290e019-java19-23.0.0-dev/languages/ruby/lib/cext/include/ruby/backward -I/home/sopi/Documents/Side_projects/graal/sdk/mxbuild/linux-amd64/GRAALVM_A33290E019_JAVA19/graalvm-a33290e019-java19-23.0.0-dev/languages/ruby/lib/cext/include -I. -I/home/sopi/Documents/Side_projects/truffleruby/phd-bench/erubi_rails/bundle/truffleruby/3.1.3.1/gems/sqlite3-1.6.0/ports/x86_64-unknown-linux-gnu/sqlite3/3.40.1/include  -DTRUFFLERUBY_ABI_VERSION=3.1.3.1    -Werror=implicit-function-declaration -Wno-int-conversion -Wno-int-to-pointer-cast -Wno-incompatible-pointer-types -Wno-format-invalid-specifier -Wno-format-extra-args -ferror-limit=500  -fvisibility=hidden conftest.c  -L.  -L/home/sopi/Documents/Side_projects/truffleruby/phd-bench/erubi_rails/bundle/truffleruby/3.1.3.1/gems/sqlite3-1.6.0/ports/x86_64-unknown-linux-gnu/sqlite3/3.40.1/lib -L/home/sopi/Documents/Side_projects/truffleruby/phd-bench/erubi_rails/bundle/truffleruby/3.1.3.1/gems/sqlite3-1.6.0/ports/x86_64-unknown-linux-gnu/sqlite3/3.40.1/lib -lsqlite3 -lz -lm -ldl -lpthread    -lsqlite3  -lsqlite3 -lgraalvm-llvm -lsqlite3  -lsqlite3   -L/home/sopi/Documents/Side_projects/graal/sdk/mxbuild/linux-amd64/GRAALVM_A33290E019_JAVA19/graalvm-a33290e019-java19-23.0.0-dev/languages/ruby/lib/cext -rpath /home/sopi/Documents/Side_projects/graal/sdk/mxbuild/linux-amd64/GRAALVM_A33290E019_JAVA19/graalvm-a33290e019-java19-23.0.0-dev/languages/ruby/lib/cext -ltruffleruby -rpath /home/sopi/Documents/Side_projects/graal/sdk/mxbuild/linux-amd64/GRAALVM_A33290E019_JAVA19/graalvm-a33290e019-java19-23.0.0-dev/languages/llvm/native/lib"
checked program was:
/* begin */
 1: #include "ruby.h"
 2: 
 3: /*top*/
 4: extern int t(void);
 5: int main(int argc, char **argv)
 6: {
 7:   if (argc > 1000000) {
 8:     int (* volatile tp)(void)=(int (*)(void))&t;
 9:     printf("%d", (*tp)());
10:   }
11: 
12:   return !!argv[argc];
13: }
14: extern void sqlite3_enable_load_extension();
15: int t(void) { sqlite3_enable_load_extension(); return 0; }
/* end */

--------------------

have_func: checking for sqlite3_load_extension()... -------------------- yes

LD_LIBRARY_PATH=. "/home/sopi/Documents/Side_projects/graal/sdk/mxbuild/linux-amd64/GRAALVM_A33290E019_JAVA19/graalvm-a33290e019-java19-23.0.0-dev/languages/llvm/native/bin/graalvm-native-clang -o conftest -I/home/sopi/Documents/Side_projects/graal/sdk/mxbuild/linux-amd64/GRAALVM_A33290E019_JAVA19/graalvm-a33290e019-java19-23.0.0-dev/languages/ruby/lib/cext/include -I/home/sopi/Documents/Side_projects/graal/sdk/mxbuild/linux-amd64/GRAALVM_A33290E019_JAVA19/graalvm-a33290e019-java19-23.0.0-dev/languages/ruby/lib/cext/include/ruby/backward -I/home/sopi/Documents/Side_projects/graal/sdk/mxbuild/linux-amd64/GRAALVM_A33290E019_JAVA19/graalvm-a33290e019-java19-23.0.0-dev/languages/ruby/lib/cext/include -I. -I/home/sopi/Documents/Side_projects/truffleruby/phd-bench/erubi_rails/bundle/truffleruby/3.1.3.1/gems/sqlite3-1.6.0/ports/x86_64-unknown-linux-gnu/sqlite3/3.40.1/include  -DTRUFFLERUBY_ABI_VERSION=3.1.3.1    -Werror=implicit-function-declaration -Wno-int-conversion -Wno-int-to-pointer-cast -Wno-incompatible-pointer-types -Wno-format-invalid-specifier -Wno-format-extra-args -ferror-limit=500  -fvisibility=hidden conftest.c  -L.  -L/home/sopi/Documents/Side_projects/truffleruby/phd-bench/erubi_rails/bundle/truffleruby/3.1.3.1/gems/sqlite3-1.6.0/ports/x86_64-unknown-linux-gnu/sqlite3/3.40.1/lib -L/home/sopi/Documents/Side_projects/truffleruby/phd-bench/erubi_rails/bundle/truffleruby/3.1.3.1/gems/sqlite3-1.6.0/ports/x86_64-unknown-linux-gnu/sqlite3/3.40.1/lib -lsqlite3 -lz -lm -ldl -lpthread    -lsqlite3  -lsqlite3 -lgraalvm-llvm -lsqlite3  -lsqlite3   -L/home/sopi/Documents/Side_projects/graal/sdk/mxbuild/linux-amd64/GRAALVM_A33290E019_JAVA19/graalvm-a33290e019-java19-23.0.0-dev/languages/ruby/lib/cext -rpath /home/sopi/Documents/Side_projects/graal/sdk/mxbuild/linux-amd64/GRAALVM_A33290E019_JAVA19/graalvm-a33290e019-java19-23.0.0-dev/languages/ruby/lib/cext -ltruffleruby -rpath /home/sopi/Documents/Side_projects/graal/sdk/mxbuild/linux-amd64/GRAALVM_A33290E019_JAVA19/graalvm-a33290e019-java19-23.0.0-dev/languages/llvm/native/lib"
conftest.c:14:57: error: use of undeclared identifier 'sqlite3_load_extension'
int t(void) { void ((*volatile p)()); p = (void ((*)()))sqlite3_load_extension; return !p; }
                                                        ^
1 error generated.
Process failed: #<Process::Status: pid 27637 exit 1>
checked program was:
/* begin */
 1: #include "ruby.h"
 2: 
 3: /*top*/
 4: extern int t(void);
 5: int main(int argc, char **argv)
 6: {
 7:   if (argc > 1000000) {
 8:     int (* volatile tp)(void)=(int (*)(void))&t;
 9:     printf("%d", (*tp)());
10:   }
11: 
12:   return !!argv[argc];
13: }
14: int t(void) { void ((*volatile p)()); p = (void ((*)()))sqlite3_load_extension; return !p; }
/* end */

LD_LIBRARY_PATH=. "/home/sopi/Documents/Side_projects/graal/sdk/mxbuild/linux-amd64/GRAALVM_A33290E019_JAVA19/graalvm-a33290e019-java19-23.0.0-dev/languages/llvm/native/bin/graalvm-native-clang -o conftest -I/home/sopi/Documents/Side_projects/graal/sdk/mxbuild/linux-amd64/GRAALVM_A33290E019_JAVA19/graalvm-a33290e019-java19-23.0.0-dev/languages/ruby/lib/cext/include -I/home/sopi/Documents/Side_projects/graal/sdk/mxbuild/linux-amd64/GRAALVM_A33290E019_JAVA19/graalvm-a33290e019-java19-23.0.0-dev/languages/ruby/lib/cext/include/ruby/backward -I/home/sopi/Documents/Side_projects/graal/sdk/mxbuild/linux-amd64/GRAALVM_A33290E019_JAVA19/graalvm-a33290e019-java19-23.0.0-dev/languages/ruby/lib/cext/include -I. -I/home/sopi/Documents/Side_projects/truffleruby/phd-bench/erubi_rails/bundle/truffleruby/3.1.3.1/gems/sqlite3-1.6.0/ports/x86_64-unknown-linux-gnu/sqlite3/3.40.1/include  -DTRUFFLERUBY_ABI_VERSION=3.1.3.1    -Werror=implicit-function-declaration -Wno-int-conversion -Wno-int-to-pointer-cast -Wno-incompatible-pointer-types -Wno-format-invalid-specifier -Wno-format-extra-args -ferror-limit=500  -fvisibility=hidden conftest.c  -L.  -L/home/sopi/Documents/Side_projects/truffleruby/phd-bench/erubi_rails/bundle/truffleruby/3.1.3.1/gems/sqlite3-1.6.0/ports/x86_64-unknown-linux-gnu/sqlite3/3.40.1/lib -L/home/sopi/Documents/Side_projects/truffleruby/phd-bench/erubi_rails/bundle/truffleruby/3.1.3.1/gems/sqlite3-1.6.0/ports/x86_64-unknown-linux-gnu/sqlite3/3.40.1/lib -lsqlite3 -lz -lm -ldl -lpthread    -lsqlite3  -lsqlite3 -lgraalvm-llvm -lsqlite3  -lsqlite3   -L/home/sopi/Documents/Side_projects/graal/sdk/mxbuild/linux-amd64/GRAALVM_A33290E019_JAVA19/graalvm-a33290e019-java19-23.0.0-dev/languages/ruby/lib/cext -rpath /home/sopi/Documents/Side_projects/graal/sdk/mxbuild/linux-amd64/GRAALVM_A33290E019_JAVA19/graalvm-a33290e019-java19-23.0.0-dev/languages/ruby/lib/cext -ltruffleruby -rpath /home/sopi/Documents/Side_projects/graal/sdk/mxbuild/linux-amd64/GRAALVM_A33290E019_JAVA19/graalvm-a33290e019-java19-23.0.0-dev/languages/llvm/native/lib"
checked program was:
/* begin */
 1: #include "ruby.h"
 2: 
 3: /*top*/
 4: extern int t(void);
 5: int main(int argc, char **argv)
 6: {
 7:   if (argc > 1000000) {
 8:     int (* volatile tp)(void)=(int (*)(void))&t;
 9:     printf("%d", (*tp)());
10:   }
11: 
12:   return !!argv[argc];
13: }
14: extern void sqlite3_load_extension();
15: int t(void) { sqlite3_load_extension(); return 0; }
/* end */

--------------------

have_func: checking for sqlite3_open_v2()... -------------------- yes

LD_LIBRARY_PATH=. "/home/sopi/Documents/Side_projects/graal/sdk/mxbuild/linux-amd64/GRAALVM_A33290E019_JAVA19/graalvm-a33290e019-java19-23.0.0-dev/languages/llvm/native/bin/graalvm-native-clang -o conftest -I/home/sopi/Documents/Side_projects/graal/sdk/mxbuild/linux-amd64/GRAALVM_A33290E019_JAVA19/graalvm-a33290e019-java19-23.0.0-dev/languages/ruby/lib/cext/include -I/home/sopi/Documents/Side_projects/graal/sdk/mxbuild/linux-amd64/GRAALVM_A33290E019_JAVA19/graalvm-a33290e019-java19-23.0.0-dev/languages/ruby/lib/cext/include/ruby/backward -I/home/sopi/Documents/Side_projects/graal/sdk/mxbuild/linux-amd64/GRAALVM_A33290E019_JAVA19/graalvm-a33290e019-java19-23.0.0-dev/languages/ruby/lib/cext/include -I. -I/home/sopi/Documents/Side_projects/truffleruby/phd-bench/erubi_rails/bundle/truffleruby/3.1.3.1/gems/sqlite3-1.6.0/ports/x86_64-unknown-linux-gnu/sqlite3/3.40.1/include  -DTRUFFLERUBY_ABI_VERSION=3.1.3.1    -Werror=implicit-function-declaration -Wno-int-conversion -Wno-int-to-pointer-cast -Wno-incompatible-pointer-types -Wno-format-invalid-specifier -Wno-format-extra-args -ferror-limit=500  -fvisibility=hidden conftest.c  -L.  -L/home/sopi/Documents/Side_projects/truffleruby/phd-bench/erubi_rails/bundle/truffleruby/3.1.3.1/gems/sqlite3-1.6.0/ports/x86_64-unknown-linux-gnu/sqlite3/3.40.1/lib -L/home/sopi/Documents/Side_projects/truffleruby/phd-bench/erubi_rails/bundle/truffleruby/3.1.3.1/gems/sqlite3-1.6.0/ports/x86_64-unknown-linux-gnu/sqlite3/3.40.1/lib -lsqlite3 -lz -lm -ldl -lpthread    -lsqlite3  -lsqlite3 -lgraalvm-llvm -lsqlite3  -lsqlite3   -L/home/sopi/Documents/Side_projects/graal/sdk/mxbuild/linux-amd64/GRAALVM_A33290E019_JAVA19/graalvm-a33290e019-java19-23.0.0-dev/languages/ruby/lib/cext -rpath /home/sopi/Documents/Side_projects/graal/sdk/mxbuild/linux-amd64/GRAALVM_A33290E019_JAVA19/graalvm-a33290e019-java19-23.0.0-dev/languages/ruby/lib/cext -ltruffleruby -rpath /home/sopi/Documents/Side_projects/graal/sdk/mxbuild/linux-amd64/GRAALVM_A33290E019_JAVA19/graalvm-a33290e019-java19-23.0.0-dev/languages/llvm/native/lib"
conftest.c:14:57: error: use of undeclared identifier 'sqlite3_open_v2'
int t(void) { void ((*volatile p)()); p = (void ((*)()))sqlite3_open_v2; return !p; }
                                                        ^
1 error generated.
Process failed: #<Process::Status: pid 28406 exit 1>
checked program was:
/* begin */
 1: #include "ruby.h"
 2: 
 3: /*top*/
 4: extern int t(void);
 5: int main(int argc, char **argv)
 6: {
 7:   if (argc > 1000000) {
 8:     int (* volatile tp)(void)=(int (*)(void))&t;
 9:     printf("%d", (*tp)());
10:   }
11: 
12:   return !!argv[argc];
13: }
14: int t(void) { void ((*volatile p)()); p = (void ((*)()))sqlite3_open_v2; return !p; }
/* end */

LD_LIBRARY_PATH=. "/home/sopi/Documents/Side_projects/graal/sdk/mxbuild/linux-amd64/GRAALVM_A33290E019_JAVA19/graalvm-a33290e019-java19-23.0.0-dev/languages/llvm/native/bin/graalvm-native-clang -o conftest -I/home/sopi/Documents/Side_projects/graal/sdk/mxbuild/linux-amd64/GRAALVM_A33290E019_JAVA19/graalvm-a33290e019-java19-23.0.0-dev/languages/ruby/lib/cext/include -I/home/sopi/Documents/Side_projects/graal/sdk/mxbuild/linux-amd64/GRAALVM_A33290E019_JAVA19/graalvm-a33290e019-java19-23.0.0-dev/languages/ruby/lib/cext/include/ruby/backward -I/home/sopi/Documents/Side_projects/graal/sdk/mxbuild/linux-amd64/GRAALVM_A33290E019_JAVA19/graalvm-a33290e019-java19-23.0.0-dev/languages/ruby/lib/cext/include -I. -I/home/sopi/Documents/Side_projects/truffleruby/phd-bench/erubi_rails/bundle/truffleruby/3.1.3.1/gems/sqlite3-1.6.0/ports/x86_64-unknown-linux-gnu/sqlite3/3.40.1/include  -DTRUFFLERUBY_ABI_VERSION=3.1.3.1    -Werror=implicit-function-declaration -Wno-int-conversion -Wno-int-to-pointer-cast -Wno-incompatible-pointer-types -Wno-format-invalid-specifier -Wno-format-extra-args -ferror-limit=500  -fvisibility=hidden conftest.c  -L.  -L/home/sopi/Documents/Side_projects/truffleruby/phd-bench/erubi_rails/bundle/truffleruby/3.1.3.1/gems/sqlite3-1.6.0/ports/x86_64-unknown-linux-gnu/sqlite3/3.40.1/lib -L/home/sopi/Documents/Side_projects/truffleruby/phd-bench/erubi_rails/bundle/truffleruby/3.1.3.1/gems/sqlite3-1.6.0/ports/x86_64-unknown-linux-gnu/sqlite3/3.40.1/lib -lsqlite3 -lz -lm -ldl -lpthread    -lsqlite3  -lsqlite3 -lgraalvm-llvm -lsqlite3  -lsqlite3   -L/home/sopi/Documents/Side_projects/graal/sdk/mxbuild/linux-amd64/GRAALVM_A33290E019_JAVA19/graalvm-a33290e019-java19-23.0.0-dev/languages/ruby/lib/cext -rpath /home/sopi/Documents/Side_projects/graal/sdk/mxbuild/linux-amd64/GRAALVM_A33290E019_JAVA19/graalvm-a33290e019-java19-23.0.0-dev/languages/ruby/lib/cext -ltruffleruby -rpath /home/sopi/Documents/Side_projects/graal/sdk/mxbuild/linux-amd64/GRAALVM_A33290E019_JAVA19/graalvm-a33290e019-java19-23.0.0-dev/languages/llvm/native/lib"
checked program was:
/* begin */
 1: #include "ruby.h"
 2: 
 3: /*top*/
 4: extern int t(void);
 5: int main(int argc, char **argv)
 6: {
 7:   if (argc > 1000000) {
 8:     int (* volatile tp)(void)=(int (*)(void))&t;
 9:     printf("%d", (*tp)());
10:   }
11: 
12:   return !!argv[argc];
13: }
14: extern void sqlite3_open_v2();
15: int t(void) { sqlite3_open_v2(); return 0; }
/* end */

--------------------

have_func: checking for sqlite3_prepare_v2()... -------------------- yes

LD_LIBRARY_PATH=. "/home/sopi/Documents/Side_projects/graal/sdk/mxbuild/linux-amd64/GRAALVM_A33290E019_JAVA19/graalvm-a33290e019-java19-23.0.0-dev/languages/llvm/native/bin/graalvm-native-clang -o conftest -I/home/sopi/Documents/Side_projects/graal/sdk/mxbuild/linux-amd64/GRAALVM_A33290E019_JAVA19/graalvm-a33290e019-java19-23.0.0-dev/languages/ruby/lib/cext/include -I/home/sopi/Documents/Side_projects/graal/sdk/mxbuild/linux-amd64/GRAALVM_A33290E019_JAVA19/graalvm-a33290e019-java19-23.0.0-dev/languages/ruby/lib/cext/include/ruby/backward -I/home/sopi/Documents/Side_projects/graal/sdk/mxbuild/linux-amd64/GRAALVM_A33290E019_JAVA19/graalvm-a33290e019-java19-23.0.0-dev/languages/ruby/lib/cext/include -I. -I/home/sopi/Documents/Side_projects/truffleruby/phd-bench/erubi_rails/bundle/truffleruby/3.1.3.1/gems/sqlite3-1.6.0/ports/x86_64-unknown-linux-gnu/sqlite3/3.40.1/include  -DTRUFFLERUBY_ABI_VERSION=3.1.3.1    -Werror=implicit-function-declaration -Wno-int-conversion -Wno-int-to-pointer-cast -Wno-incompatible-pointer-types -Wno-format-invalid-specifier -Wno-format-extra-args -ferror-limit=500  -fvisibility=hidden conftest.c  -L.  -L/home/sopi/Documents/Side_projects/truffleruby/phd-bench/erubi_rails/bundle/truffleruby/3.1.3.1/gems/sqlite3-1.6.0/ports/x86_64-unknown-linux-gnu/sqlite3/3.40.1/lib -L/home/sopi/Documents/Side_projects/truffleruby/phd-bench/erubi_rails/bundle/truffleruby/3.1.3.1/gems/sqlite3-1.6.0/ports/x86_64-unknown-linux-gnu/sqlite3/3.40.1/lib -lsqlite3 -lz -lm -ldl -lpthread    -lsqlite3  -lsqlite3 -lgraalvm-llvm -lsqlite3  -lsqlite3   -L/home/sopi/Documents/Side_projects/graal/sdk/mxbuild/linux-amd64/GRAALVM_A33290E019_JAVA19/graalvm-a33290e019-java19-23.0.0-dev/languages/ruby/lib/cext -rpath /home/sopi/Documents/Side_projects/graal/sdk/mxbuild/linux-amd64/GRAALVM_A33290E019_JAVA19/graalvm-a33290e019-java19-23.0.0-dev/languages/ruby/lib/cext -ltruffleruby -rpath /home/sopi/Documents/Side_projects/graal/sdk/mxbuild/linux-amd64/GRAALVM_A33290E019_JAVA19/graalvm-a33290e019-java19-23.0.0-dev/languages/llvm/native/lib"
conftest.c:14:57: error: use of undeclared identifier 'sqlite3_prepare_v2'
int t(void) { void ((*volatile p)()); p = (void ((*)()))sqlite3_prepare_v2; return !p; }
                                                        ^
1 error generated.
Process failed: #<Process::Status: pid 28740 exit 1>
checked program was:
/* begin */
 1: #include "ruby.h"
 2: 
 3: /*top*/
 4: extern int t(void);
 5: int main(int argc, char **argv)
 6: {
 7:   if (argc > 1000000) {
 8:     int (* volatile tp)(void)=(int (*)(void))&t;
 9:     printf("%d", (*tp)());
10:   }
11: 
12:   return !!argv[argc];
13: }
14: int t(void) { void ((*volatile p)()); p = (void ((*)()))sqlite3_prepare_v2; return !p; }
/* end */

LD_LIBRARY_PATH=. "/home/sopi/Documents/Side_projects/graal/sdk/mxbuild/linux-amd64/GRAALVM_A33290E019_JAVA19/graalvm-a33290e019-java19-23.0.0-dev/languages/llvm/native/bin/graalvm-native-clang -o conftest -I/home/sopi/Documents/Side_projects/graal/sdk/mxbuild/linux-amd64/GRAALVM_A33290E019_JAVA19/graalvm-a33290e019-java19-23.0.0-dev/languages/ruby/lib/cext/include -I/home/sopi/Documents/Side_projects/graal/sdk/mxbuild/linux-amd64/GRAALVM_A33290E019_JAVA19/graalvm-a33290e019-java19-23.0.0-dev/languages/ruby/lib/cext/include/ruby/backward -I/home/sopi/Documents/Side_projects/graal/sdk/mxbuild/linux-amd64/GRAALVM_A33290E019_JAVA19/graalvm-a33290e019-java19-23.0.0-dev/languages/ruby/lib/cext/include -I. -I/home/sopi/Documents/Side_projects/truffleruby/phd-bench/erubi_rails/bundle/truffleruby/3.1.3.1/gems/sqlite3-1.6.0/ports/x86_64-unknown-linux-gnu/sqlite3/3.40.1/include  -DTRUFFLERUBY_ABI_VERSION=3.1.3.1    -Werror=implicit-function-declaration -Wno-int-conversion -Wno-int-to-pointer-cast -Wno-incompatible-pointer-types -Wno-format-invalid-specifier -Wno-format-extra-args -ferror-limit=500  -fvisibility=hidden conftest.c  -L.  -L/home/sopi/Documents/Side_projects/truffleruby/phd-bench/erubi_rails/bundle/truffleruby/3.1.3.1/gems/sqlite3-1.6.0/ports/x86_64-unknown-linux-gnu/sqlite3/3.40.1/lib -L/home/sopi/Documents/Side_projects/truffleruby/phd-bench/erubi_rails/bundle/truffleruby/3.1.3.1/gems/sqlite3-1.6.0/ports/x86_64-unknown-linux-gnu/sqlite3/3.40.1/lib -lsqlite3 -lz -lm -ldl -lpthread    -lsqlite3  -lsqlite3 -lgraalvm-llvm -lsqlite3  -lsqlite3   -L/home/sopi/Documents/Side_projects/graal/sdk/mxbuild/linux-amd64/GRAALVM_A33290E019_JAVA19/graalvm-a33290e019-java19-23.0.0-dev/languages/ruby/lib/cext -rpath /home/sopi/Documents/Side_projects/graal/sdk/mxbuild/linux-amd64/GRAALVM_A33290E019_JAVA19/graalvm-a33290e019-java19-23.0.0-dev/languages/ruby/lib/cext -ltruffleruby -rpath /home/sopi/Documents/Side_projects/graal/sdk/mxbuild/linux-amd64/GRAALVM_A33290E019_JAVA19/graalvm-a33290e019-java19-23.0.0-dev/languages/llvm/native/lib"
checked program was:
/* begin */
 1: #include "ruby.h"
 2: 
 3: /*top*/
 4: extern int t(void);
 5: int main(int argc, char **argv)
 6: {
 7:   if (argc > 1000000) {
 8:     int (* volatile tp)(void)=(int (*)(void))&t;
 9:     printf("%d", (*tp)());
10:   }
11: 
12:   return !!argv[argc];
13: }
14: extern void sqlite3_prepare_v2();
15: int t(void) { sqlite3_prepare_v2(); return 0; }
/* end */

--------------------

have_type: checking for sqlite3_int64 in sqlite3.h... -------------------- yes

LD_LIBRARY_PATH=. "/home/sopi/Documents/Side_projects/graal/sdk/mxbuild/linux-amd64/GRAALVM_A33290E019_JAVA19/graalvm-a33290e019-java19-23.0.0-dev/languages/llvm/native/bin/graalvm-native-clang -I/home/sopi/Documents/Side_projects/graal/sdk/mxbuild/linux-amd64/GRAALVM_A33290E019_JAVA19/graalvm-a33290e019-java19-23.0.0-dev/languages/ruby/lib/cext/include -I/home/sopi/Documents/Side_projects/graal/sdk/mxbuild/linux-amd64/GRAALVM_A33290E019_JAVA19/graalvm-a33290e019-java19-23.0.0-dev/languages/ruby/lib/cext/include/ruby/backward -I/home/sopi/Documents/Side_projects/graal/sdk/mxbuild/linux-amd64/GRAALVM_A33290E019_JAVA19/graalvm-a33290e019-java19-23.0.0-dev/languages/ruby/lib/cext/include -I. -I/home/sopi/Documents/Side_projects/truffleruby/phd-bench/erubi_rails/bundle/truffleruby/3.1.3.1/gems/sqlite3-1.6.0/ports/x86_64-unknown-linux-gnu/sqlite3/3.40.1/include  -DTRUFFLERUBY_ABI_VERSION=3.1.3.1    -Werror=implicit-function-declaration -Wno-int-conversion -Wno-int-to-pointer-cast -Wno-incompatible-pointer-types -Wno-format-invalid-specifier -Wno-format-extra-args -ferror-limit=500  -fvisibility=hidden   -c conftest.c"
checked program was:
/* begin */
1: #include "ruby.h"
2: 
3: #include <sqlite3.h>
4: 
5: /*top*/
6: typedef sqlite3_int64 conftest_type;
7: int conftestval[sizeof(conftest_type)?1:-1];
/* end */

--------------------

have_type: checking for sqlite3_uint64 in sqlite3.h... -------------------- yes

LD_LIBRARY_PATH=. "/home/sopi/Documents/Side_projects/graal/sdk/mxbuild/linux-amd64/GRAALVM_A33290E019_JAVA19/graalvm-a33290e019-java19-23.0.0-dev/languages/llvm/native/bin/graalvm-native-clang -I/home/sopi/Documents/Side_projects/graal/sdk/mxbuild/linux-amd64/GRAALVM_A33290E019_JAVA19/graalvm-a33290e019-java19-23.0.0-dev/languages/ruby/lib/cext/include -I/home/sopi/Documents/Side_projects/graal/sdk/mxbuild/linux-amd64/GRAALVM_A33290E019_JAVA19/graalvm-a33290e019-java19-23.0.0-dev/languages/ruby/lib/cext/include/ruby/backward -I/home/sopi/Documents/Side_projects/graal/sdk/mxbuild/linux-amd64/GRAALVM_A33290E019_JAVA19/graalvm-a33290e019-java19-23.0.0-dev/languages/ruby/lib/cext/include -I. -I/home/sopi/Documents/Side_projects/truffleruby/phd-bench/erubi_rails/bundle/truffleruby/3.1.3.1/gems/sqlite3-1.6.0/ports/x86_64-unknown-linux-gnu/sqlite3/3.40.1/include  -DTRUFFLERUBY_ABI_VERSION=3.1.3.1    -Werror=implicit-function-declaration -Wno-int-conversion -Wno-int-to-pointer-cast -Wno-incompatible-pointer-types -Wno-format-invalid-specifier -Wno-format-extra-args -ferror-limit=500  -fvisibility=hidden   -c conftest.c"
checked program was:
/* begin */
1: #include "ruby.h"
2: 
3: #include <sqlite3.h>
4: 
5: /*top*/
6: typedef sqlite3_uint64 conftest_type;
7: int conftestval[sizeof(conftest_type)?1:-1];
/* end */

--------------------

