have_header: checking for unistd.h... -------------------- yes

LD_LIBRARY_PATH=. "/home/sopi/Documents/Side_projects/graal/sdk/mxbuild/linux-amd64/GRAALVM_A33290E019_JAVA11/graalvm-a33290e019-java11-23.0.0-dev/languages/llvm/native/bin/graalvm-native-clang -o conftest -I/home/sopi/Documents/Side_projects/graal/sdk/mxbuild/linux-amd64/GRAALVM_A33290E019_JAVA11/graalvm-a33290e019-java11-23.0.0-dev/languages/ruby/lib/cext/include -I/home/sopi/Documents/Side_projects/graal/sdk/mxbuild/linux-amd64/GRAALVM_A33290E019_JAVA11/graalvm-a33290e019-java11-23.0.0-dev/languages/ruby/lib/cext/include/ruby/backward -I/home/sopi/Documents/Side_projects/graal/sdk/mxbuild/linux-amd64/GRAALVM_A33290E019_JAVA11/graalvm-a33290e019-java11-23.0.0-dev/languages/ruby/lib/cext/include -I.  -DTRUFFLERUBY_ABI_VERSION=3.1.2.3    -Werror=implicit-function-declaration -Wno-int-conversion -Wno-int-to-pointer-cast -Wno-incompatible-pointer-types -Wno-format-invalid-specifier -Wno-format-extra-args -ferror-limit=500 conftest.c  -L.      -lgraalvm-llvm    -L/home/sopi/Documents/Side_projects/graal/sdk/mxbuild/linux-amd64/GRAALVM_A33290E019_JAVA11/graalvm-a33290e019-java11-23.0.0-dev/languages/ruby/lib/cext -rpath /home/sopi/Documents/Side_projects/graal/sdk/mxbuild/linux-amd64/GRAALVM_A33290E019_JAVA11/graalvm-a33290e019-java11-23.0.0-dev/languages/ruby/lib/cext -ltruffleruby -rpath /home/sopi/Documents/Side_projects/graal/sdk/mxbuild/linux-amd64/GRAALVM_A33290E019_JAVA11/graalvm-a33290e019-java11-23.0.0-dev/languages/llvm/native/lib"
checked program was:
/* begin */
1: #include "ruby.h"
2: 
3: int main(int argc, char **argv)
4: {
5:   return !!argv[argc];
6: }
/* end */

LD_LIBRARY_PATH=. "/home/sopi/Documents/Side_projects/graal/sdk/mxbuild/linux-amd64/GRAALVM_A33290E019_JAVA11/graalvm-a33290e019-java11-23.0.0-dev/languages/llvm/native/bin/graalvm-native-clang -I/home/sopi/Documents/Side_projects/graal/sdk/mxbuild/linux-amd64/GRAALVM_A33290E019_JAVA11/graalvm-a33290e019-java11-23.0.0-dev/languages/ruby/lib/cext/include -I/home/sopi/Documents/Side_projects/graal/sdk/mxbuild/linux-amd64/GRAALVM_A33290E019_JAVA11/graalvm-a33290e019-java11-23.0.0-dev/languages/ruby/lib/cext/include/ruby/backward -I/home/sopi/Documents/Side_projects/graal/sdk/mxbuild/linux-amd64/GRAALVM_A33290E019_JAVA11/graalvm-a33290e019-java11-23.0.0-dev/languages/ruby/lib/cext/include -I.  -DTRUFFLERUBY_ABI_VERSION=3.1.2.3    -Werror=implicit-function-declaration -Wno-int-conversion -Wno-int-to-pointer-cast -Wno-incompatible-pointer-types -Wno-format-invalid-specifier -Wno-format-extra-args -ferror-limit=500   -c conftest.c"
checked program was:
/* begin */
1: #include "ruby.h"
2: 
3: #include <unistd.h>
/* end */

--------------------

have_header: checking for linux/aio_abi.h... -------------------- yes

LD_LIBRARY_PATH=. "/home/sopi/Documents/Side_projects/graal/sdk/mxbuild/linux-amd64/GRAALVM_A33290E019_JAVA11/graalvm-a33290e019-java11-23.0.0-dev/languages/llvm/native/bin/graalvm-native-clang -I/home/sopi/Documents/Side_projects/graal/sdk/mxbuild/linux-amd64/GRAALVM_A33290E019_JAVA11/graalvm-a33290e019-java11-23.0.0-dev/languages/ruby/lib/cext/include -I/home/sopi/Documents/Side_projects/graal/sdk/mxbuild/linux-amd64/GRAALVM_A33290E019_JAVA11/graalvm-a33290e019-java11-23.0.0-dev/languages/ruby/lib/cext/include/ruby/backward -I/home/sopi/Documents/Side_projects/graal/sdk/mxbuild/linux-amd64/GRAALVM_A33290E019_JAVA11/graalvm-a33290e019-java11-23.0.0-dev/languages/ruby/lib/cext/include -I.  -DTRUFFLERUBY_ABI_VERSION=3.1.2.3    -Werror=implicit-function-declaration -Wno-int-conversion -Wno-int-to-pointer-cast -Wno-incompatible-pointer-types -Wno-format-invalid-specifier -Wno-format-extra-args -ferror-limit=500   -c conftest.c"
checked program was:
/* begin */
1: #include "ruby.h"
2: 
3: #include <linux/aio_abi.h>
/* end */

--------------------

have_header: checking for linux/io_uring.h... -------------------- no

LD_LIBRARY_PATH=. "/home/sopi/Documents/Side_projects/graal/sdk/mxbuild/linux-amd64/GRAALVM_A33290E019_JAVA11/graalvm-a33290e019-java11-23.0.0-dev/languages/llvm/native/bin/graalvm-native-clang -I/home/sopi/Documents/Side_projects/graal/sdk/mxbuild/linux-amd64/GRAALVM_A33290E019_JAVA11/graalvm-a33290e019-java11-23.0.0-dev/languages/ruby/lib/cext/include -I/home/sopi/Documents/Side_projects/graal/sdk/mxbuild/linux-amd64/GRAALVM_A33290E019_JAVA11/graalvm-a33290e019-java11-23.0.0-dev/languages/ruby/lib/cext/include/ruby/backward -I/home/sopi/Documents/Side_projects/graal/sdk/mxbuild/linux-amd64/GRAALVM_A33290E019_JAVA11/graalvm-a33290e019-java11-23.0.0-dev/languages/ruby/lib/cext/include -I.  -DTRUFFLERUBY_ABI_VERSION=3.1.2.3    -Werror=implicit-function-declaration -Wno-int-conversion -Wno-int-to-pointer-cast -Wno-incompatible-pointer-types -Wno-format-invalid-specifier -Wno-format-extra-args -ferror-limit=500   -c conftest.c"
conftest.c:3:10: fatal error: 'linux/io_uring.h' file not found
#include <linux/io_uring.h>
         ^~~~~~~~~~~~~~~~~~
1 error generated.
Process failed: #<Process::Status: pid 13134 exit 1>
checked program was:
/* begin */
1: #include "ruby.h"
2: 
3: #include <linux/io_uring.h>
/* end */

--------------------

have_header: checking for sys/select.h... -------------------- yes

LD_LIBRARY_PATH=. "/home/sopi/Documents/Side_projects/graal/sdk/mxbuild/linux-amd64/GRAALVM_A33290E019_JAVA11/graalvm-a33290e019-java11-23.0.0-dev/languages/llvm/native/bin/graalvm-native-clang -I/home/sopi/Documents/Side_projects/graal/sdk/mxbuild/linux-amd64/GRAALVM_A33290E019_JAVA11/graalvm-a33290e019-java11-23.0.0-dev/languages/ruby/lib/cext/include -I/home/sopi/Documents/Side_projects/graal/sdk/mxbuild/linux-amd64/GRAALVM_A33290E019_JAVA11/graalvm-a33290e019-java11-23.0.0-dev/languages/ruby/lib/cext/include/ruby/backward -I/home/sopi/Documents/Side_projects/graal/sdk/mxbuild/linux-amd64/GRAALVM_A33290E019_JAVA11/graalvm-a33290e019-java11-23.0.0-dev/languages/ruby/lib/cext/include -I.  -DTRUFFLERUBY_ABI_VERSION=3.1.2.3    -Werror=implicit-function-declaration -Wno-int-conversion -Wno-int-to-pointer-cast -Wno-incompatible-pointer-types -Wno-format-invalid-specifier -Wno-format-extra-args -ferror-limit=500   -c conftest.c"
checked program was:
/* begin */
1: #include "ruby.h"
2: 
3: #include <sys/select.h>
/* end */

--------------------

have_type: checking for port_event_t in poll.h... -------------------- no

LD_LIBRARY_PATH=. "/home/sopi/Documents/Side_projects/graal/sdk/mxbuild/linux-amd64/GRAALVM_A33290E019_JAVA11/graalvm-a33290e019-java11-23.0.0-dev/languages/llvm/native/bin/graalvm-native-clang -I/home/sopi/Documents/Side_projects/graal/sdk/mxbuild/linux-amd64/GRAALVM_A33290E019_JAVA11/graalvm-a33290e019-java11-23.0.0-dev/languages/ruby/lib/cext/include -I/home/sopi/Documents/Side_projects/graal/sdk/mxbuild/linux-amd64/GRAALVM_A33290E019_JAVA11/graalvm-a33290e019-java11-23.0.0-dev/languages/ruby/lib/cext/include/ruby/backward -I/home/sopi/Documents/Side_projects/graal/sdk/mxbuild/linux-amd64/GRAALVM_A33290E019_JAVA11/graalvm-a33290e019-java11-23.0.0-dev/languages/ruby/lib/cext/include -I.  -DTRUFFLERUBY_ABI_VERSION=3.1.2.3    -Werror=implicit-function-declaration -Wno-int-conversion -Wno-int-to-pointer-cast -Wno-incompatible-pointer-types -Wno-format-invalid-specifier -Wno-format-extra-args -ferror-limit=500   -c conftest.c"
conftest.c:6:9: error: unknown type name 'port_event_t'
typedef port_event_t conftest_type;
        ^
1 error generated.
Process failed: #<Process::Status: pid 13210 exit 1>
checked program was:
/* begin */
1: #include "ruby.h"
2: 
3: #include <poll.h>
4: 
5: /*top*/
6: typedef port_event_t conftest_type;
7: int conftestval[sizeof(conftest_type)?1:-1];
/* end */

--------------------

have_header: checking for sys/epoll.h... -------------------- yes

LD_LIBRARY_PATH=. "/home/sopi/Documents/Side_projects/graal/sdk/mxbuild/linux-amd64/GRAALVM_A33290E019_JAVA11/graalvm-a33290e019-java11-23.0.0-dev/languages/llvm/native/bin/graalvm-native-clang -I/home/sopi/Documents/Side_projects/graal/sdk/mxbuild/linux-amd64/GRAALVM_A33290E019_JAVA11/graalvm-a33290e019-java11-23.0.0-dev/languages/ruby/lib/cext/include -I/home/sopi/Documents/Side_projects/graal/sdk/mxbuild/linux-amd64/GRAALVM_A33290E019_JAVA11/graalvm-a33290e019-java11-23.0.0-dev/languages/ruby/lib/cext/include/ruby/backward -I/home/sopi/Documents/Side_projects/graal/sdk/mxbuild/linux-amd64/GRAALVM_A33290E019_JAVA11/graalvm-a33290e019-java11-23.0.0-dev/languages/ruby/lib/cext/include -I.  -DTRUFFLERUBY_ABI_VERSION=3.1.2.3    -Werror=implicit-function-declaration -Wno-int-conversion -Wno-int-to-pointer-cast -Wno-incompatible-pointer-types -Wno-format-invalid-specifier -Wno-format-extra-args -ferror-limit=500   -c conftest.c"
checked program was:
/* begin */
1: #include "ruby.h"
2: 
3: #include <sys/epoll.h>
/* end */

--------------------

have_header: checking for sys/event.h... -------------------- no

LD_LIBRARY_PATH=. "/home/sopi/Documents/Side_projects/graal/sdk/mxbuild/linux-amd64/GRAALVM_A33290E019_JAVA11/graalvm-a33290e019-java11-23.0.0-dev/languages/llvm/native/bin/graalvm-native-clang -I/home/sopi/Documents/Side_projects/graal/sdk/mxbuild/linux-amd64/GRAALVM_A33290E019_JAVA11/graalvm-a33290e019-java11-23.0.0-dev/languages/ruby/lib/cext/include -I/home/sopi/Documents/Side_projects/graal/sdk/mxbuild/linux-amd64/GRAALVM_A33290E019_JAVA11/graalvm-a33290e019-java11-23.0.0-dev/languages/ruby/lib/cext/include/ruby/backward -I/home/sopi/Documents/Side_projects/graal/sdk/mxbuild/linux-amd64/GRAALVM_A33290E019_JAVA11/graalvm-a33290e019-java11-23.0.0-dev/languages/ruby/lib/cext/include -I.  -DTRUFFLERUBY_ABI_VERSION=3.1.2.3    -Werror=implicit-function-declaration -Wno-int-conversion -Wno-int-to-pointer-cast -Wno-incompatible-pointer-types -Wno-format-invalid-specifier -Wno-format-extra-args -ferror-limit=500   -c conftest.c"
conftest.c:3:10: fatal error: 'sys/event.h' file not found
#include <sys/event.h>
         ^~~~~~~~~~~~~
1 error generated.
Process failed: #<Process::Status: pid 13266 exit 1>
checked program was:
/* begin */
1: #include "ruby.h"
2: 
3: #include <sys/event.h>
/* end */

--------------------

have_type: checking for port_event_t in port.h... -------------------- no

LD_LIBRARY_PATH=. "/home/sopi/Documents/Side_projects/graal/sdk/mxbuild/linux-amd64/GRAALVM_A33290E019_JAVA11/graalvm-a33290e019-java11-23.0.0-dev/languages/llvm/native/bin/graalvm-native-clang -I/home/sopi/Documents/Side_projects/graal/sdk/mxbuild/linux-amd64/GRAALVM_A33290E019_JAVA11/graalvm-a33290e019-java11-23.0.0-dev/languages/ruby/lib/cext/include -I/home/sopi/Documents/Side_projects/graal/sdk/mxbuild/linux-amd64/GRAALVM_A33290E019_JAVA11/graalvm-a33290e019-java11-23.0.0-dev/languages/ruby/lib/cext/include/ruby/backward -I/home/sopi/Documents/Side_projects/graal/sdk/mxbuild/linux-amd64/GRAALVM_A33290E019_JAVA11/graalvm-a33290e019-java11-23.0.0-dev/languages/ruby/lib/cext/include -I.  -DTRUFFLERUBY_ABI_VERSION=3.1.2.3    -Werror=implicit-function-declaration -Wno-int-conversion -Wno-int-to-pointer-cast -Wno-incompatible-pointer-types -Wno-format-invalid-specifier -Wno-format-extra-args -ferror-limit=500   -c conftest.c"
conftest.c:3:10: fatal error: 'port.h' file not found
#include <port.h>
         ^~~~~~~~
1 error generated.
Process failed: #<Process::Status: pid 13295 exit 1>
checked program was:
/* begin */
1: #include "ruby.h"
2: 
3: #include <port.h>
4: 
5: /*top*/
6: typedef port_event_t conftest_type;
7: int conftestval[sizeof(conftest_type)?1:-1];
/* end */

--------------------

have_header: checking for sys/resource.h... -------------------- yes

LD_LIBRARY_PATH=. "/home/sopi/Documents/Side_projects/graal/sdk/mxbuild/linux-amd64/GRAALVM_A33290E019_JAVA11/graalvm-a33290e019-java11-23.0.0-dev/languages/llvm/native/bin/graalvm-native-clang -I/home/sopi/Documents/Side_projects/graal/sdk/mxbuild/linux-amd64/GRAALVM_A33290E019_JAVA11/graalvm-a33290e019-java11-23.0.0-dev/languages/ruby/lib/cext/include -I/home/sopi/Documents/Side_projects/graal/sdk/mxbuild/linux-amd64/GRAALVM_A33290E019_JAVA11/graalvm-a33290e019-java11-23.0.0-dev/languages/ruby/lib/cext/include/ruby/backward -I/home/sopi/Documents/Side_projects/graal/sdk/mxbuild/linux-amd64/GRAALVM_A33290E019_JAVA11/graalvm-a33290e019-java11-23.0.0-dev/languages/ruby/lib/cext/include -I.  -DTRUFFLERUBY_ABI_VERSION=3.1.2.3    -Werror=implicit-function-declaration -Wno-int-conversion -Wno-int-to-pointer-cast -Wno-incompatible-pointer-types -Wno-format-invalid-specifier -Wno-format-extra-args -ferror-limit=500   -c conftest.c"
checked program was:
/* begin */
1: #include "ruby.h"
2: 
3: #include <sys/resource.h>
/* end */

--------------------

