"pkg-config --exists sqlite3"
| pkg-config --libs sqlite3
=> "-lsqlite3\n"
"/home/sopi/Documents/Side_projects/graal/sdk/mxbuild/linux-amd64/GRAALVM_A33290E019_JAVA11/graalvm-a33290e019-java11-22.3.0-dev/languages/llvm/native/bin/graalvm-native-clang -o conftest -I/home/sopi/Documents/Side_projects/graal/sdk/mxbuild/linux-amd64/GRAALVM_A33290E019_JAVA11/graalvm-a33290e019-java11-22.3.0-dev/languages/ruby/lib/cext/include -I/home/sopi/Documents/Side_projects/graal/sdk/mxbuild/linux-amd64/GRAALVM_A33290E019_JAVA11/graalvm-a33290e019-java11-22.3.0-dev/languages/ruby/lib/cext/include/ruby/backward -I/home/sopi/Documents/Side_projects/graal/sdk/mxbuild/linux-amd64/GRAALVM_A33290E019_JAVA11/graalvm-a33290e019-java11-22.3.0-dev/languages/ruby/lib/cext/include -I.  -DTRUFFLERUBY_ABI_VERSION=3.0.3.8    -Werror=implicit-function-declaration -Wno-int-conversion -Wno-int-to-pointer-cast -Wno-incompatible-pointer-types -Wno-format-invalid-specifier -Wno-format-extra-args -ferror-limit=500 conftest.c  -L.      -lgraalvm-llvm    -L/home/sopi/Documents/Side_projects/graal/sdk/mxbuild/linux-amd64/GRAALVM_A33290E019_JAVA11/graalvm-a33290e019-java11-22.3.0-dev/languages/ruby/lib/cext -rpath /home/sopi/Documents/Side_projects/graal/sdk/mxbuild/linux-amd64/GRAALVM_A33290E019_JAVA11/graalvm-a33290e019-java11-22.3.0-dev/languages/ruby/lib/cext -ltruffleruby -rpath /home/sopi/Documents/Side_projects/graal/sdk/mxbuild/linux-amd64/GRAALVM_A33290E019_JAVA11/graalvm-a33290e019-java11-22.3.0-dev/languages/llvm/native/lib"
checked program was:
/* begin */
1: #include "ruby.h"
2: 
3: int main(int argc, char **argv)
4: {
5:   return !!argv[argc];
6: }
/* end */

"/home/sopi/Documents/Side_projects/graal/sdk/mxbuild/linux-amd64/GRAALVM_A33290E019_JAVA11/graalvm-a33290e019-java11-22.3.0-dev/languages/llvm/native/bin/graalvm-native-clang -o conftest -I/home/sopi/Documents/Side_projects/graal/sdk/mxbuild/linux-amd64/GRAALVM_A33290E019_JAVA11/graalvm-a33290e019-java11-22.3.0-dev/languages/ruby/lib/cext/include -I/home/sopi/Documents/Side_projects/graal/sdk/mxbuild/linux-amd64/GRAALVM_A33290E019_JAVA11/graalvm-a33290e019-java11-22.3.0-dev/languages/ruby/lib/cext/include/ruby/backward -I/home/sopi/Documents/Side_projects/graal/sdk/mxbuild/linux-amd64/GRAALVM_A33290E019_JAVA11/graalvm-a33290e019-java11-22.3.0-dev/languages/ruby/lib/cext/include -I.  -DTRUFFLERUBY_ABI_VERSION=3.0.3.8    -Werror=implicit-function-declaration -Wno-int-conversion -Wno-int-to-pointer-cast -Wno-incompatible-pointer-types -Wno-format-invalid-specifier -Wno-format-extra-args -ferror-limit=500 conftest.c  -L.      -lgraalvm-llvm -lsqlite3   -L/home/sopi/Documents/Side_projects/graal/sdk/mxbuild/linux-amd64/GRAALVM_A33290E019_JAVA11/graalvm-a33290e019-java11-22.3.0-dev/languages/ruby/lib/cext -rpath /home/sopi/Documents/Side_projects/graal/sdk/mxbuild/linux-amd64/GRAALVM_A33290E019_JAVA11/graalvm-a33290e019-java11-22.3.0-dev/languages/ruby/lib/cext -ltruffleruby -rpath /home/sopi/Documents/Side_projects/graal/sdk/mxbuild/linux-amd64/GRAALVM_A33290E019_JAVA11/graalvm-a33290e019-java11-22.3.0-dev/languages/llvm/native/lib"
checked program was:
/* begin */
1: #include "ruby.h"
2: 
3: int main(int argc, char **argv)
4: {
5:   return !!argv[argc];
6: }
/* end */

| pkg-config --cflags-only-I sqlite3
=> "\n"
| pkg-config --cflags-only-other sqlite3
=> "\n"
| pkg-config --libs-only-l sqlite3
=> "-lsqlite3\n"
package configuration for sqlite3
incflags: 
cflags: 
ldflags: 
libs: -lsqlite3

find_header: checking for sqlite3.h... -------------------- yes

"/home/sopi/Documents/Side_projects/graal/sdk/mxbuild/linux-amd64/GRAALVM_A33290E019_JAVA11/graalvm-a33290e019-java11-22.3.0-dev/languages/llvm/native/bin/graalvm-native-clang -E -I/home/sopi/Documents/Side_projects/graal/sdk/mxbuild/linux-amd64/GRAALVM_A33290E019_JAVA11/graalvm-a33290e019-java11-22.3.0-dev/languages/ruby/lib/cext/include -I/home/sopi/Documents/Side_projects/graal/sdk/mxbuild/linux-amd64/GRAALVM_A33290E019_JAVA11/graalvm-a33290e019-java11-22.3.0-dev/languages/ruby/lib/cext/include/ruby/backward -I/home/sopi/Documents/Side_projects/graal/sdk/mxbuild/linux-amd64/GRAALVM_A33290E019_JAVA11/graalvm-a33290e019-java11-22.3.0-dev/languages/ruby/lib/cext/include -I.   -DTRUFFLERUBY_ABI_VERSION=3.0.3.8    -Werror=implicit-function-declaration -Wno-int-conversion -Wno-int-to-pointer-cast -Wno-incompatible-pointer-types -Wno-format-invalid-specifier -Wno-format-extra-args -ferror-limit=500   conftest.c -o conftest.i"
checked program was:
/* begin */
1: #include "ruby.h"
2: 
3: #include <sqlite3.h>
/* end */

--------------------

find_library: checking for pthread_create() in -lpthread... -------------------- yes

"/home/sopi/Documents/Side_projects/graal/sdk/mxbuild/linux-amd64/GRAALVM_A33290E019_JAVA11/graalvm-a33290e019-java11-22.3.0-dev/languages/llvm/native/bin/graalvm-native-clang -o conftest -I/home/sopi/Documents/Side_projects/graal/sdk/mxbuild/linux-amd64/GRAALVM_A33290E019_JAVA11/graalvm-a33290e019-java11-22.3.0-dev/languages/ruby/lib/cext/include -I/home/sopi/Documents/Side_projects/graal/sdk/mxbuild/linux-amd64/GRAALVM_A33290E019_JAVA11/graalvm-a33290e019-java11-22.3.0-dev/languages/ruby/lib/cext/include/ruby/backward -I/home/sopi/Documents/Side_projects/graal/sdk/mxbuild/linux-amd64/GRAALVM_A33290E019_JAVA11/graalvm-a33290e019-java11-22.3.0-dev/languages/ruby/lib/cext/include -I.   -DTRUFFLERUBY_ABI_VERSION=3.0.3.8    -Werror=implicit-function-declaration -Wno-int-conversion -Wno-int-to-pointer-cast -Wno-incompatible-pointer-types -Wno-format-invalid-specifier -Wno-format-extra-args -ferror-limit=500  conftest.c  -L.       -lsqlite3 -lgraalvm-llvm -lpthread  -lsqlite3   -L/home/sopi/Documents/Side_projects/graal/sdk/mxbuild/linux-amd64/GRAALVM_A33290E019_JAVA11/graalvm-a33290e019-java11-22.3.0-dev/languages/ruby/lib/cext -rpath /home/sopi/Documents/Side_projects/graal/sdk/mxbuild/linux-amd64/GRAALVM_A33290E019_JAVA11/graalvm-a33290e019-java11-22.3.0-dev/languages/ruby/lib/cext -ltruffleruby -rpath /home/sopi/Documents/Side_projects/graal/sdk/mxbuild/linux-amd64/GRAALVM_A33290E019_JAVA11/graalvm-a33290e019-java11-22.3.0-dev/languages/llvm/native/lib"
checked program was:
/* begin */
 1: #include "ruby.h"
 2: 
 3: /*top*/
 4: extern int t(void);
 5: int main(int argc, char **argv)
 6: {
 7:   if (argc > 1000000) {
 8:     int (* volatile tp)(void)=(int (*)(void))&t;
 9:     printf("%d", (*tp)());
10:   }
11: 
12:   return !!argv[argc];
13: }
14: int t(void) { void ((*volatile p)()); p = (void ((*)()))pthread_create; return !p; }
/* end */

--------------------

have_library: checking for -ldl... -------------------- yes

"/home/sopi/Documents/Side_projects/graal/sdk/mxbuild/linux-amd64/GRAALVM_A33290E019_JAVA11/graalvm-a33290e019-java11-22.3.0-dev/languages/llvm/native/bin/graalvm-native-clang -o conftest -I/home/sopi/Documents/Side_projects/graal/sdk/mxbuild/linux-amd64/GRAALVM_A33290E019_JAVA11/graalvm-a33290e019-java11-22.3.0-dev/languages/ruby/lib/cext/include -I/home/sopi/Documents/Side_projects/graal/sdk/mxbuild/linux-amd64/GRAALVM_A33290E019_JAVA11/graalvm-a33290e019-java11-22.3.0-dev/languages/ruby/lib/cext/include/ruby/backward -I/home/sopi/Documents/Side_projects/graal/sdk/mxbuild/linux-amd64/GRAALVM_A33290E019_JAVA11/graalvm-a33290e019-java11-22.3.0-dev/languages/ruby/lib/cext/include -I.   -DTRUFFLERUBY_ABI_VERSION=3.0.3.8    -Werror=implicit-function-declaration -Wno-int-conversion -Wno-int-to-pointer-cast -Wno-incompatible-pointer-types -Wno-format-invalid-specifier -Wno-format-extra-args -ferror-limit=500  conftest.c  -L.      -lpthread  -lsqlite3 -lgraalvm-llvm -ldl -lpthread  -lsqlite3   -L/home/sopi/Documents/Side_projects/graal/sdk/mxbuild/linux-amd64/GRAALVM_A33290E019_JAVA11/graalvm-a33290e019-java11-22.3.0-dev/languages/ruby/lib/cext -rpath /home/sopi/Documents/Side_projects/graal/sdk/mxbuild/linux-amd64/GRAALVM_A33290E019_JAVA11/graalvm-a33290e019-java11-22.3.0-dev/languages/ruby/lib/cext -ltruffleruby -rpath /home/sopi/Documents/Side_projects/graal/sdk/mxbuild/linux-amd64/GRAALVM_A33290E019_JAVA11/graalvm-a33290e019-java11-22.3.0-dev/languages/llvm/native/lib"
checked program was:
/* begin */
 1: #include "ruby.h"
 2: 
 3: /*top*/
 4: extern int t(void);
 5: int main(int argc, char **argv)
 6: {
 7:   if (argc > 1000000) {
 8:     int (* volatile tp)(void)=(int (*)(void))&t;
 9:     printf("%d", (*tp)());
10:   }
11: 
12:   return !!argv[argc];
13: }
14: 
15: int t(void) { ; return 0; }
/* end */

--------------------

find_library: checking for sqlite3_libversion_number() in -lsqlite3... -------------------- yes

"/home/sopi/Documents/Side_projects/graal/sdk/mxbuild/linux-amd64/GRAALVM_A33290E019_JAVA11/graalvm-a33290e019-java11-22.3.0-dev/languages/llvm/native/bin/graalvm-native-clang -o conftest -I/home/sopi/Documents/Side_projects/graal/sdk/mxbuild/linux-amd64/GRAALVM_A33290E019_JAVA11/graalvm-a33290e019-java11-22.3.0-dev/languages/ruby/lib/cext/include -I/home/sopi/Documents/Side_projects/graal/sdk/mxbuild/linux-amd64/GRAALVM_A33290E019_JAVA11/graalvm-a33290e019-java11-22.3.0-dev/languages/ruby/lib/cext/include/ruby/backward -I/home/sopi/Documents/Side_projects/graal/sdk/mxbuild/linux-amd64/GRAALVM_A33290E019_JAVA11/graalvm-a33290e019-java11-22.3.0-dev/languages/ruby/lib/cext/include -I.   -DTRUFFLERUBY_ABI_VERSION=3.0.3.8    -Werror=implicit-function-declaration -Wno-int-conversion -Wno-int-to-pointer-cast -Wno-incompatible-pointer-types -Wno-format-invalid-specifier -Wno-format-extra-args -ferror-limit=500  conftest.c  -L.      -ldl -lpthread  -lsqlite3 -lgraalvm-llvm -lsqlite3 -ldl -lpthread  -lsqlite3   -L/home/sopi/Documents/Side_projects/graal/sdk/mxbuild/linux-amd64/GRAALVM_A33290E019_JAVA11/graalvm-a33290e019-java11-22.3.0-dev/languages/ruby/lib/cext -rpath /home/sopi/Documents/Side_projects/graal/sdk/mxbuild/linux-amd64/GRAALVM_A33290E019_JAVA11/graalvm-a33290e019-java11-22.3.0-dev/languages/ruby/lib/cext -ltruffleruby -rpath /home/sopi/Documents/Side_projects/graal/sdk/mxbuild/linux-amd64/GRAALVM_A33290E019_JAVA11/graalvm-a33290e019-java11-22.3.0-dev/languages/llvm/native/lib"
conftest.c:14:57: error: use of undeclared identifier 'sqlite3_libversion_number'
int t(void) { void ((*volatile p)()); p = (void ((*)()))sqlite3_libversion_number; return !p; }
                                                        ^
1 error generated.
Process failed: #<Process::Status: pid 616 exit 1>
checked program was:
/* begin */
 1: #include "ruby.h"
 2: 
 3: /*top*/
 4: extern int t(void);
 5: int main(int argc, char **argv)
 6: {
 7:   if (argc > 1000000) {
 8:     int (* volatile tp)(void)=(int (*)(void))&t;
 9:     printf("%d", (*tp)());
10:   }
11: 
12:   return !!argv[argc];
13: }
14: int t(void) { void ((*volatile p)()); p = (void ((*)()))sqlite3_libversion_number; return !p; }
/* end */

"/home/sopi/Documents/Side_projects/graal/sdk/mxbuild/linux-amd64/GRAALVM_A33290E019_JAVA11/graalvm-a33290e019-java11-22.3.0-dev/languages/llvm/native/bin/graalvm-native-clang -o conftest -I/home/sopi/Documents/Side_projects/graal/sdk/mxbuild/linux-amd64/GRAALVM_A33290E019_JAVA11/graalvm-a33290e019-java11-22.3.0-dev/languages/ruby/lib/cext/include -I/home/sopi/Documents/Side_projects/graal/sdk/mxbuild/linux-amd64/GRAALVM_A33290E019_JAVA11/graalvm-a33290e019-java11-22.3.0-dev/languages/ruby/lib/cext/include/ruby/backward -I/home/sopi/Documents/Side_projects/graal/sdk/mxbuild/linux-amd64/GRAALVM_A33290E019_JAVA11/graalvm-a33290e019-java11-22.3.0-dev/languages/ruby/lib/cext/include -I.   -DTRUFFLERUBY_ABI_VERSION=3.0.3.8    -Werror=implicit-function-declaration -Wno-int-conversion -Wno-int-to-pointer-cast -Wno-incompatible-pointer-types -Wno-format-invalid-specifier -Wno-format-extra-args -ferror-limit=500  conftest.c  -L.      -ldl -lpthread  -lsqlite3 -lgraalvm-llvm -lsqlite3 -ldl -lpthread  -lsqlite3   -L/home/sopi/Documents/Side_projects/graal/sdk/mxbuild/linux-amd64/GRAALVM_A33290E019_JAVA11/graalvm-a33290e019-java11-22.3.0-dev/languages/ruby/lib/cext -rpath /home/sopi/Documents/Side_projects/graal/sdk/mxbuild/linux-amd64/GRAALVM_A33290E019_JAVA11/graalvm-a33290e019-java11-22.3.0-dev/languages/ruby/lib/cext -ltruffleruby -rpath /home/sopi/Documents/Side_projects/graal/sdk/mxbuild/linux-amd64/GRAALVM_A33290E019_JAVA11/graalvm-a33290e019-java11-22.3.0-dev/languages/llvm/native/lib"
checked program was:
/* begin */
 1: #include "ruby.h"
 2: 
 3: /*top*/
 4: extern int t(void);
 5: int main(int argc, char **argv)
 6: {
 7:   if (argc > 1000000) {
 8:     int (* volatile tp)(void)=(int (*)(void))&t;
 9:     printf("%d", (*tp)());
10:   }
11: 
12:   return !!argv[argc];
13: }
14: extern void sqlite3_libversion_number();
15: int t(void) { sqlite3_libversion_number(); return 0; }
/* end */

--------------------

have_func: checking for rb_proc_arity()... -------------------- yes

"/home/sopi/Documents/Side_projects/graal/sdk/mxbuild/linux-amd64/GRAALVM_A33290E019_JAVA11/graalvm-a33290e019-java11-22.3.0-dev/languages/llvm/native/bin/graalvm-native-clang -o conftest -I/home/sopi/Documents/Side_projects/graal/sdk/mxbuild/linux-amd64/GRAALVM_A33290E019_JAVA11/graalvm-a33290e019-java11-22.3.0-dev/languages/ruby/lib/cext/include -I/home/sopi/Documents/Side_projects/graal/sdk/mxbuild/linux-amd64/GRAALVM_A33290E019_JAVA11/graalvm-a33290e019-java11-22.3.0-dev/languages/ruby/lib/cext/include/ruby/backward -I/home/sopi/Documents/Side_projects/graal/sdk/mxbuild/linux-amd64/GRAALVM_A33290E019_JAVA11/graalvm-a33290e019-java11-22.3.0-dev/languages/ruby/lib/cext/include -I.   -DTRUFFLERUBY_ABI_VERSION=3.0.3.8    -Werror=implicit-function-declaration -Wno-int-conversion -Wno-int-to-pointer-cast -Wno-incompatible-pointer-types -Wno-format-invalid-specifier -Wno-format-extra-args -ferror-limit=500  conftest.c  -L.      -lsqlite3 -ldl -lpthread  -lsqlite3 -lgraalvm-llvm -lsqlite3 -ldl -lpthread  -lsqlite3   -L/home/sopi/Documents/Side_projects/graal/sdk/mxbuild/linux-amd64/GRAALVM_A33290E019_JAVA11/graalvm-a33290e019-java11-22.3.0-dev/languages/ruby/lib/cext -rpath /home/sopi/Documents/Side_projects/graal/sdk/mxbuild/linux-amd64/GRAALVM_A33290E019_JAVA11/graalvm-a33290e019-java11-22.3.0-dev/languages/ruby/lib/cext -ltruffleruby -rpath /home/sopi/Documents/Side_projects/graal/sdk/mxbuild/linux-amd64/GRAALVM_A33290E019_JAVA11/graalvm-a33290e019-java11-22.3.0-dev/languages/llvm/native/lib"
checked program was:
/* begin */
 1: #include "ruby.h"
 2: 
 3: /*top*/
 4: extern int t(void);
 5: int main(int argc, char **argv)
 6: {
 7:   if (argc > 1000000) {
 8:     int (* volatile tp)(void)=(int (*)(void))&t;
 9:     printf("%d", (*tp)());
10:   }
11: 
12:   return !!argv[argc];
13: }
14: int t(void) { void ((*volatile p)()); p = (void ((*)()))rb_proc_arity; return !p; }
/* end */

--------------------

have_func: checking for rb_integer_pack()... -------------------- yes

"/home/sopi/Documents/Side_projects/graal/sdk/mxbuild/linux-amd64/GRAALVM_A33290E019_JAVA11/graalvm-a33290e019-java11-22.3.0-dev/languages/llvm/native/bin/graalvm-native-clang -o conftest -I/home/sopi/Documents/Side_projects/graal/sdk/mxbuild/linux-amd64/GRAALVM_A33290E019_JAVA11/graalvm-a33290e019-java11-22.3.0-dev/languages/ruby/lib/cext/include -I/home/sopi/Documents/Side_projects/graal/sdk/mxbuild/linux-amd64/GRAALVM_A33290E019_JAVA11/graalvm-a33290e019-java11-22.3.0-dev/languages/ruby/lib/cext/include/ruby/backward -I/home/sopi/Documents/Side_projects/graal/sdk/mxbuild/linux-amd64/GRAALVM_A33290E019_JAVA11/graalvm-a33290e019-java11-22.3.0-dev/languages/ruby/lib/cext/include -I.   -DTRUFFLERUBY_ABI_VERSION=3.0.3.8    -Werror=implicit-function-declaration -Wno-int-conversion -Wno-int-to-pointer-cast -Wno-incompatible-pointer-types -Wno-format-invalid-specifier -Wno-format-extra-args -ferror-limit=500  conftest.c  -L.      -lsqlite3 -ldl -lpthread  -lsqlite3 -lgraalvm-llvm -lsqlite3 -ldl -lpthread  -lsqlite3   -L/home/sopi/Documents/Side_projects/graal/sdk/mxbuild/linux-amd64/GRAALVM_A33290E019_JAVA11/graalvm-a33290e019-java11-22.3.0-dev/languages/ruby/lib/cext -rpath /home/sopi/Documents/Side_projects/graal/sdk/mxbuild/linux-amd64/GRAALVM_A33290E019_JAVA11/graalvm-a33290e019-java11-22.3.0-dev/languages/ruby/lib/cext -ltruffleruby -rpath /home/sopi/Documents/Side_projects/graal/sdk/mxbuild/linux-amd64/GRAALVM_A33290E019_JAVA11/graalvm-a33290e019-java11-22.3.0-dev/languages/llvm/native/lib"
checked program was:
/* begin */
 1: #include "ruby.h"
 2: 
 3: /*top*/
 4: extern int t(void);
 5: int main(int argc, char **argv)
 6: {
 7:   if (argc > 1000000) {
 8:     int (* volatile tp)(void)=(int (*)(void))&t;
 9:     printf("%d", (*tp)());
10:   }
11: 
12:   return !!argv[argc];
13: }
14: int t(void) { void ((*volatile p)()); p = (void ((*)()))rb_integer_pack; return !p; }
/* end */

--------------------

have_func: checking for sqlite3_initialize()... -------------------- yes

"/home/sopi/Documents/Side_projects/graal/sdk/mxbuild/linux-amd64/GRAALVM_A33290E019_JAVA11/graalvm-a33290e019-java11-22.3.0-dev/languages/llvm/native/bin/graalvm-native-clang -o conftest -I/home/sopi/Documents/Side_projects/graal/sdk/mxbuild/linux-amd64/GRAALVM_A33290E019_JAVA11/graalvm-a33290e019-java11-22.3.0-dev/languages/ruby/lib/cext/include -I/home/sopi/Documents/Side_projects/graal/sdk/mxbuild/linux-amd64/GRAALVM_A33290E019_JAVA11/graalvm-a33290e019-java11-22.3.0-dev/languages/ruby/lib/cext/include/ruby/backward -I/home/sopi/Documents/Side_projects/graal/sdk/mxbuild/linux-amd64/GRAALVM_A33290E019_JAVA11/graalvm-a33290e019-java11-22.3.0-dev/languages/ruby/lib/cext/include -I.   -DTRUFFLERUBY_ABI_VERSION=3.0.3.8    -Werror=implicit-function-declaration -Wno-int-conversion -Wno-int-to-pointer-cast -Wno-incompatible-pointer-types -Wno-format-invalid-specifier -Wno-format-extra-args -ferror-limit=500  conftest.c  -L.      -lsqlite3 -ldl -lpthread  -lsqlite3 -lgraalvm-llvm -lsqlite3 -ldl -lpthread  -lsqlite3   -L/home/sopi/Documents/Side_projects/graal/sdk/mxbuild/linux-amd64/GRAALVM_A33290E019_JAVA11/graalvm-a33290e019-java11-22.3.0-dev/languages/ruby/lib/cext -rpath /home/sopi/Documents/Side_projects/graal/sdk/mxbuild/linux-amd64/GRAALVM_A33290E019_JAVA11/graalvm-a33290e019-java11-22.3.0-dev/languages/ruby/lib/cext -ltruffleruby -rpath /home/sopi/Documents/Side_projects/graal/sdk/mxbuild/linux-amd64/GRAALVM_A33290E019_JAVA11/graalvm-a33290e019-java11-22.3.0-dev/languages/llvm/native/lib"
conftest.c:14:57: error: use of undeclared identifier 'sqlite3_initialize'
int t(void) { void ((*volatile p)()); p = (void ((*)()))sqlite3_initialize; return !p; }
                                                        ^
1 error generated.
Process failed: #<Process::Status: pid 856 exit 1>
checked program was:
/* begin */
 1: #include "ruby.h"
 2: 
 3: /*top*/
 4: extern int t(void);
 5: int main(int argc, char **argv)
 6: {
 7:   if (argc > 1000000) {
 8:     int (* volatile tp)(void)=(int (*)(void))&t;
 9:     printf("%d", (*tp)());
10:   }
11: 
12:   return !!argv[argc];
13: }
14: int t(void) { void ((*volatile p)()); p = (void ((*)()))sqlite3_initialize; return !p; }
/* end */

"/home/sopi/Documents/Side_projects/graal/sdk/mxbuild/linux-amd64/GRAALVM_A33290E019_JAVA11/graalvm-a33290e019-java11-22.3.0-dev/languages/llvm/native/bin/graalvm-native-clang -o conftest -I/home/sopi/Documents/Side_projects/graal/sdk/mxbuild/linux-amd64/GRAALVM_A33290E019_JAVA11/graalvm-a33290e019-java11-22.3.0-dev/languages/ruby/lib/cext/include -I/home/sopi/Documents/Side_projects/graal/sdk/mxbuild/linux-amd64/GRAALVM_A33290E019_JAVA11/graalvm-a33290e019-java11-22.3.0-dev/languages/ruby/lib/cext/include/ruby/backward -I/home/sopi/Documents/Side_projects/graal/sdk/mxbuild/linux-amd64/GRAALVM_A33290E019_JAVA11/graalvm-a33290e019-java11-22.3.0-dev/languages/ruby/lib/cext/include -I.   -DTRUFFLERUBY_ABI_VERSION=3.0.3.8    -Werror=implicit-function-declaration -Wno-int-conversion -Wno-int-to-pointer-cast -Wno-incompatible-pointer-types -Wno-format-invalid-specifier -Wno-format-extra-args -ferror-limit=500  conftest.c  -L.      -lsqlite3 -ldl -lpthread  -lsqlite3 -lgraalvm-llvm -lsqlite3 -ldl -lpthread  -lsqlite3   -L/home/sopi/Documents/Side_projects/graal/sdk/mxbuild/linux-amd64/GRAALVM_A33290E019_JAVA11/graalvm-a33290e019-java11-22.3.0-dev/languages/ruby/lib/cext -rpath /home/sopi/Documents/Side_projects/graal/sdk/mxbuild/linux-amd64/GRAALVM_A33290E019_JAVA11/graalvm-a33290e019-java11-22.3.0-dev/languages/ruby/lib/cext -ltruffleruby -rpath /home/sopi/Documents/Side_projects/graal/sdk/mxbuild/linux-amd64/GRAALVM_A33290E019_JAVA11/graalvm-a33290e019-java11-22.3.0-dev/languages/llvm/native/lib"
checked program was:
/* begin */
 1: #include "ruby.h"
 2: 
 3: /*top*/
 4: extern int t(void);
 5: int main(int argc, char **argv)
 6: {
 7:   if (argc > 1000000) {
 8:     int (* volatile tp)(void)=(int (*)(void))&t;
 9:     printf("%d", (*tp)());
10:   }
11: 
12:   return !!argv[argc];
13: }
14: extern void sqlite3_initialize();
15: int t(void) { sqlite3_initialize(); return 0; }
/* end */

--------------------

have_func: checking for sqlite3_backup_init()... -------------------- yes

"/home/sopi/Documents/Side_projects/graal/sdk/mxbuild/linux-amd64/GRAALVM_A33290E019_JAVA11/graalvm-a33290e019-java11-22.3.0-dev/languages/llvm/native/bin/graalvm-native-clang -o conftest -I/home/sopi/Documents/Side_projects/graal/sdk/mxbuild/linux-amd64/GRAALVM_A33290E019_JAVA11/graalvm-a33290e019-java11-22.3.0-dev/languages/ruby/lib/cext/include -I/home/sopi/Documents/Side_projects/graal/sdk/mxbuild/linux-amd64/GRAALVM_A33290E019_JAVA11/graalvm-a33290e019-java11-22.3.0-dev/languages/ruby/lib/cext/include/ruby/backward -I/home/sopi/Documents/Side_projects/graal/sdk/mxbuild/linux-amd64/GRAALVM_A33290E019_JAVA11/graalvm-a33290e019-java11-22.3.0-dev/languages/ruby/lib/cext/include -I.   -DTRUFFLERUBY_ABI_VERSION=3.0.3.8    -Werror=implicit-function-declaration -Wno-int-conversion -Wno-int-to-pointer-cast -Wno-incompatible-pointer-types -Wno-format-invalid-specifier -Wno-format-extra-args -ferror-limit=500  conftest.c  -L.      -lsqlite3 -ldl -lpthread  -lsqlite3 -lgraalvm-llvm -lsqlite3 -ldl -lpthread  -lsqlite3   -L/home/sopi/Documents/Side_projects/graal/sdk/mxbuild/linux-amd64/GRAALVM_A33290E019_JAVA11/graalvm-a33290e019-java11-22.3.0-dev/languages/ruby/lib/cext -rpath /home/sopi/Documents/Side_projects/graal/sdk/mxbuild/linux-amd64/GRAALVM_A33290E019_JAVA11/graalvm-a33290e019-java11-22.3.0-dev/languages/ruby/lib/cext -ltruffleruby -rpath /home/sopi/Documents/Side_projects/graal/sdk/mxbuild/linux-amd64/GRAALVM_A33290E019_JAVA11/graalvm-a33290e019-java11-22.3.0-dev/languages/llvm/native/lib"
conftest.c:14:57: error: use of undeclared identifier 'sqlite3_backup_init'
int t(void) { void ((*volatile p)()); p = (void ((*)()))sqlite3_backup_init; return !p; }
                                                        ^
1 error generated.
Process failed: #<Process::Status: pid 950 exit 1>
checked program was:
/* begin */
 1: #include "ruby.h"
 2: 
 3: /*top*/
 4: extern int t(void);
 5: int main(int argc, char **argv)
 6: {
 7:   if (argc > 1000000) {
 8:     int (* volatile tp)(void)=(int (*)(void))&t;
 9:     printf("%d", (*tp)());
10:   }
11: 
12:   return !!argv[argc];
13: }
14: int t(void) { void ((*volatile p)()); p = (void ((*)()))sqlite3_backup_init; return !p; }
/* end */

"/home/sopi/Documents/Side_projects/graal/sdk/mxbuild/linux-amd64/GRAALVM_A33290E019_JAVA11/graalvm-a33290e019-java11-22.3.0-dev/languages/llvm/native/bin/graalvm-native-clang -o conftest -I/home/sopi/Documents/Side_projects/graal/sdk/mxbuild/linux-amd64/GRAALVM_A33290E019_JAVA11/graalvm-a33290e019-java11-22.3.0-dev/languages/ruby/lib/cext/include -I/home/sopi/Documents/Side_projects/graal/sdk/mxbuild/linux-amd64/GRAALVM_A33290E019_JAVA11/graalvm-a33290e019-java11-22.3.0-dev/languages/ruby/lib/cext/include/ruby/backward -I/home/sopi/Documents/Side_projects/graal/sdk/mxbuild/linux-amd64/GRAALVM_A33290E019_JAVA11/graalvm-a33290e019-java11-22.3.0-dev/languages/ruby/lib/cext/include -I.   -DTRUFFLERUBY_ABI_VERSION=3.0.3.8    -Werror=implicit-function-declaration -Wno-int-conversion -Wno-int-to-pointer-cast -Wno-incompatible-pointer-types -Wno-format-invalid-specifier -Wno-format-extra-args -ferror-limit=500  conftest.c  -L.      -lsqlite3 -ldl -lpthread  -lsqlite3 -lgraalvm-llvm -lsqlite3 -ldl -lpthread  -lsqlite3   -L/home/sopi/Documents/Side_projects/graal/sdk/mxbuild/linux-amd64/GRAALVM_A33290E019_JAVA11/graalvm-a33290e019-java11-22.3.0-dev/languages/ruby/lib/cext -rpath /home/sopi/Documents/Side_projects/graal/sdk/mxbuild/linux-amd64/GRAALVM_A33290E019_JAVA11/graalvm-a33290e019-java11-22.3.0-dev/languages/ruby/lib/cext -ltruffleruby -rpath /home/sopi/Documents/Side_projects/graal/sdk/mxbuild/linux-amd64/GRAALVM_A33290E019_JAVA11/graalvm-a33290e019-java11-22.3.0-dev/languages/llvm/native/lib"
checked program was:
/* begin */
 1: #include "ruby.h"
 2: 
 3: /*top*/
 4: extern int t(void);
 5: int main(int argc, char **argv)
 6: {
 7:   if (argc > 1000000) {
 8:     int (* volatile tp)(void)=(int (*)(void))&t;
 9:     printf("%d", (*tp)());
10:   }
11: 
12:   return !!argv[argc];
13: }
14: extern void sqlite3_backup_init();
15: int t(void) { sqlite3_backup_init(); return 0; }
/* end */

--------------------

have_func: checking for sqlite3_column_database_name()... -------------------- yes

"/home/sopi/Documents/Side_projects/graal/sdk/mxbuild/linux-amd64/GRAALVM_A33290E019_JAVA11/graalvm-a33290e019-java11-22.3.0-dev/languages/llvm/native/bin/graalvm-native-clang -o conftest -I/home/sopi/Documents/Side_projects/graal/sdk/mxbuild/linux-amd64/GRAALVM_A33290E019_JAVA11/graalvm-a33290e019-java11-22.3.0-dev/languages/ruby/lib/cext/include -I/home/sopi/Documents/Side_projects/graal/sdk/mxbuild/linux-amd64/GRAALVM_A33290E019_JAVA11/graalvm-a33290e019-java11-22.3.0-dev/languages/ruby/lib/cext/include/ruby/backward -I/home/sopi/Documents/Side_projects/graal/sdk/mxbuild/linux-amd64/GRAALVM_A33290E019_JAVA11/graalvm-a33290e019-java11-22.3.0-dev/languages/ruby/lib/cext/include -I.   -DTRUFFLERUBY_ABI_VERSION=3.0.3.8    -Werror=implicit-function-declaration -Wno-int-conversion -Wno-int-to-pointer-cast -Wno-incompatible-pointer-types -Wno-format-invalid-specifier -Wno-format-extra-args -ferror-limit=500  conftest.c  -L.      -lsqlite3 -ldl -lpthread  -lsqlite3 -lgraalvm-llvm -lsqlite3 -ldl -lpthread  -lsqlite3   -L/home/sopi/Documents/Side_projects/graal/sdk/mxbuild/linux-amd64/GRAALVM_A33290E019_JAVA11/graalvm-a33290e019-java11-22.3.0-dev/languages/ruby/lib/cext -rpath /home/sopi/Documents/Side_projects/graal/sdk/mxbuild/linux-amd64/GRAALVM_A33290E019_JAVA11/graalvm-a33290e019-java11-22.3.0-dev/languages/ruby/lib/cext -ltruffleruby -rpath /home/sopi/Documents/Side_projects/graal/sdk/mxbuild/linux-amd64/GRAALVM_A33290E019_JAVA11/graalvm-a33290e019-java11-22.3.0-dev/languages/llvm/native/lib"
conftest.c:14:57: error: use of undeclared identifier 'sqlite3_column_database_name'
int t(void) { void ((*volatile p)()); p = (void ((*)()))sqlite3_column_database_name; return !p; }
                                                        ^
1 error generated.
Process failed: #<Process::Status: pid 1040 exit 1>
checked program was:
/* begin */
 1: #include "ruby.h"
 2: 
 3: /*top*/
 4: extern int t(void);
 5: int main(int argc, char **argv)
 6: {
 7:   if (argc > 1000000) {
 8:     int (* volatile tp)(void)=(int (*)(void))&t;
 9:     printf("%d", (*tp)());
10:   }
11: 
12:   return !!argv[argc];
13: }
14: int t(void) { void ((*volatile p)()); p = (void ((*)()))sqlite3_column_database_name; return !p; }
/* end */

"/home/sopi/Documents/Side_projects/graal/sdk/mxbuild/linux-amd64/GRAALVM_A33290E019_JAVA11/graalvm-a33290e019-java11-22.3.0-dev/languages/llvm/native/bin/graalvm-native-clang -o conftest -I/home/sopi/Documents/Side_projects/graal/sdk/mxbuild/linux-amd64/GRAALVM_A33290E019_JAVA11/graalvm-a33290e019-java11-22.3.0-dev/languages/ruby/lib/cext/include -I/home/sopi/Documents/Side_projects/graal/sdk/mxbuild/linux-amd64/GRAALVM_A33290E019_JAVA11/graalvm-a33290e019-java11-22.3.0-dev/languages/ruby/lib/cext/include/ruby/backward -I/home/sopi/Documents/Side_projects/graal/sdk/mxbuild/linux-amd64/GRAALVM_A33290E019_JAVA11/graalvm-a33290e019-java11-22.3.0-dev/languages/ruby/lib/cext/include -I.   -DTRUFFLERUBY_ABI_VERSION=3.0.3.8    -Werror=implicit-function-declaration -Wno-int-conversion -Wno-int-to-pointer-cast -Wno-incompatible-pointer-types -Wno-format-invalid-specifier -Wno-format-extra-args -ferror-limit=500  conftest.c  -L.      -lsqlite3 -ldl -lpthread  -lsqlite3 -lgraalvm-llvm -lsqlite3 -ldl -lpthread  -lsqlite3   -L/home/sopi/Documents/Side_projects/graal/sdk/mxbuild/linux-amd64/GRAALVM_A33290E019_JAVA11/graalvm-a33290e019-java11-22.3.0-dev/languages/ruby/lib/cext -rpath /home/sopi/Documents/Side_projects/graal/sdk/mxbuild/linux-amd64/GRAALVM_A33290E019_JAVA11/graalvm-a33290e019-java11-22.3.0-dev/languages/ruby/lib/cext -ltruffleruby -rpath /home/sopi/Documents/Side_projects/graal/sdk/mxbuild/linux-amd64/GRAALVM_A33290E019_JAVA11/graalvm-a33290e019-java11-22.3.0-dev/languages/llvm/native/lib"
checked program was:
/* begin */
 1: #include "ruby.h"
 2: 
 3: /*top*/
 4: extern int t(void);
 5: int main(int argc, char **argv)
 6: {
 7:   if (argc > 1000000) {
 8:     int (* volatile tp)(void)=(int (*)(void))&t;
 9:     printf("%d", (*tp)());
10:   }
11: 
12:   return !!argv[argc];
13: }
14: extern void sqlite3_column_database_name();
15: int t(void) { sqlite3_column_database_name(); return 0; }
/* end */

--------------------

have_func: checking for sqlite3_enable_load_extension()... -------------------- yes

"/home/sopi/Documents/Side_projects/graal/sdk/mxbuild/linux-amd64/GRAALVM_A33290E019_JAVA11/graalvm-a33290e019-java11-22.3.0-dev/languages/llvm/native/bin/graalvm-native-clang -o conftest -I/home/sopi/Documents/Side_projects/graal/sdk/mxbuild/linux-amd64/GRAALVM_A33290E019_JAVA11/graalvm-a33290e019-java11-22.3.0-dev/languages/ruby/lib/cext/include -I/home/sopi/Documents/Side_projects/graal/sdk/mxbuild/linux-amd64/GRAALVM_A33290E019_JAVA11/graalvm-a33290e019-java11-22.3.0-dev/languages/ruby/lib/cext/include/ruby/backward -I/home/sopi/Documents/Side_projects/graal/sdk/mxbuild/linux-amd64/GRAALVM_A33290E019_JAVA11/graalvm-a33290e019-java11-22.3.0-dev/languages/ruby/lib/cext/include -I.   -DTRUFFLERUBY_ABI_VERSION=3.0.3.8    -Werror=implicit-function-declaration -Wno-int-conversion -Wno-int-to-pointer-cast -Wno-incompatible-pointer-types -Wno-format-invalid-specifier -Wno-format-extra-args -ferror-limit=500  conftest.c  -L.      -lsqlite3 -ldl -lpthread  -lsqlite3 -lgraalvm-llvm -lsqlite3 -ldl -lpthread  -lsqlite3   -L/home/sopi/Documents/Side_projects/graal/sdk/mxbuild/linux-amd64/GRAALVM_A33290E019_JAVA11/graalvm-a33290e019-java11-22.3.0-dev/languages/ruby/lib/cext -rpath /home/sopi/Documents/Side_projects/graal/sdk/mxbuild/linux-amd64/GRAALVM_A33290E019_JAVA11/graalvm-a33290e019-java11-22.3.0-dev/languages/ruby/lib/cext -ltruffleruby -rpath /home/sopi/Documents/Side_projects/graal/sdk/mxbuild/linux-amd64/GRAALVM_A33290E019_JAVA11/graalvm-a33290e019-java11-22.3.0-dev/languages/llvm/native/lib"
conftest.c:14:57: error: use of undeclared identifier 'sqlite3_enable_load_extension'
int t(void) { void ((*volatile p)()); p = (void ((*)()))sqlite3_enable_load_extension; return !p; }
                                                        ^
1 error generated.
Process failed: #<Process::Status: pid 1134 exit 1>
checked program was:
/* begin */
 1: #include "ruby.h"
 2: 
 3: /*top*/
 4: extern int t(void);
 5: int main(int argc, char **argv)
 6: {
 7:   if (argc > 1000000) {
 8:     int (* volatile tp)(void)=(int (*)(void))&t;
 9:     printf("%d", (*tp)());
10:   }
11: 
12:   return !!argv[argc];
13: }
14: int t(void) { void ((*volatile p)()); p = (void ((*)()))sqlite3_enable_load_extension; return !p; }
/* end */

"/home/sopi/Documents/Side_projects/graal/sdk/mxbuild/linux-amd64/GRAALVM_A33290E019_JAVA11/graalvm-a33290e019-java11-22.3.0-dev/languages/llvm/native/bin/graalvm-native-clang -o conftest -I/home/sopi/Documents/Side_projects/graal/sdk/mxbuild/linux-amd64/GRAALVM_A33290E019_JAVA11/graalvm-a33290e019-java11-22.3.0-dev/languages/ruby/lib/cext/include -I/home/sopi/Documents/Side_projects/graal/sdk/mxbuild/linux-amd64/GRAALVM_A33290E019_JAVA11/graalvm-a33290e019-java11-22.3.0-dev/languages/ruby/lib/cext/include/ruby/backward -I/home/sopi/Documents/Side_projects/graal/sdk/mxbuild/linux-amd64/GRAALVM_A33290E019_JAVA11/graalvm-a33290e019-java11-22.3.0-dev/languages/ruby/lib/cext/include -I.   -DTRUFFLERUBY_ABI_VERSION=3.0.3.8    -Werror=implicit-function-declaration -Wno-int-conversion -Wno-int-to-pointer-cast -Wno-incompatible-pointer-types -Wno-format-invalid-specifier -Wno-format-extra-args -ferror-limit=500  conftest.c  -L.      -lsqlite3 -ldl -lpthread  -lsqlite3 -lgraalvm-llvm -lsqlite3 -ldl -lpthread  -lsqlite3   -L/home/sopi/Documents/Side_projects/graal/sdk/mxbuild/linux-amd64/GRAALVM_A33290E019_JAVA11/graalvm-a33290e019-java11-22.3.0-dev/languages/ruby/lib/cext -rpath /home/sopi/Documents/Side_projects/graal/sdk/mxbuild/linux-amd64/GRAALVM_A33290E019_JAVA11/graalvm-a33290e019-java11-22.3.0-dev/languages/ruby/lib/cext -ltruffleruby -rpath /home/sopi/Documents/Side_projects/graal/sdk/mxbuild/linux-amd64/GRAALVM_A33290E019_JAVA11/graalvm-a33290e019-java11-22.3.0-dev/languages/llvm/native/lib"
checked program was:
/* begin */
 1: #include "ruby.h"
 2: 
 3: /*top*/
 4: extern int t(void);
 5: int main(int argc, char **argv)
 6: {
 7:   if (argc > 1000000) {
 8:     int (* volatile tp)(void)=(int (*)(void))&t;
 9:     printf("%d", (*tp)());
10:   }
11: 
12:   return !!argv[argc];
13: }
14: extern void sqlite3_enable_load_extension();
15: int t(void) { sqlite3_enable_load_extension(); return 0; }
/* end */

--------------------

have_func: checking for sqlite3_load_extension()... -------------------- yes

"/home/sopi/Documents/Side_projects/graal/sdk/mxbuild/linux-amd64/GRAALVM_A33290E019_JAVA11/graalvm-a33290e019-java11-22.3.0-dev/languages/llvm/native/bin/graalvm-native-clang -o conftest -I/home/sopi/Documents/Side_projects/graal/sdk/mxbuild/linux-amd64/GRAALVM_A33290E019_JAVA11/graalvm-a33290e019-java11-22.3.0-dev/languages/ruby/lib/cext/include -I/home/sopi/Documents/Side_projects/graal/sdk/mxbuild/linux-amd64/GRAALVM_A33290E019_JAVA11/graalvm-a33290e019-java11-22.3.0-dev/languages/ruby/lib/cext/include/ruby/backward -I/home/sopi/Documents/Side_projects/graal/sdk/mxbuild/linux-amd64/GRAALVM_A33290E019_JAVA11/graalvm-a33290e019-java11-22.3.0-dev/languages/ruby/lib/cext/include -I.   -DTRUFFLERUBY_ABI_VERSION=3.0.3.8    -Werror=implicit-function-declaration -Wno-int-conversion -Wno-int-to-pointer-cast -Wno-incompatible-pointer-types -Wno-format-invalid-specifier -Wno-format-extra-args -ferror-limit=500  conftest.c  -L.      -lsqlite3 -ldl -lpthread  -lsqlite3 -lgraalvm-llvm -lsqlite3 -ldl -lpthread  -lsqlite3   -L/home/sopi/Documents/Side_projects/graal/sdk/mxbuild/linux-amd64/GRAALVM_A33290E019_JAVA11/graalvm-a33290e019-java11-22.3.0-dev/languages/ruby/lib/cext -rpath /home/sopi/Documents/Side_projects/graal/sdk/mxbuild/linux-amd64/GRAALVM_A33290E019_JAVA11/graalvm-a33290e019-java11-22.3.0-dev/languages/ruby/lib/cext -ltruffleruby -rpath /home/sopi/Documents/Side_projects/graal/sdk/mxbuild/linux-amd64/GRAALVM_A33290E019_JAVA11/graalvm-a33290e019-java11-22.3.0-dev/languages/llvm/native/lib"
conftest.c:14:57: error: use of undeclared identifier 'sqlite3_load_extension'
int t(void) { void ((*volatile p)()); p = (void ((*)()))sqlite3_load_extension; return !p; }
                                                        ^
1 error generated.
Process failed: #<Process::Status: pid 1216 exit 1>
checked program was:
/* begin */
 1: #include "ruby.h"
 2: 
 3: /*top*/
 4: extern int t(void);
 5: int main(int argc, char **argv)
 6: {
 7:   if (argc > 1000000) {
 8:     int (* volatile tp)(void)=(int (*)(void))&t;
 9:     printf("%d", (*tp)());
10:   }
11: 
12:   return !!argv[argc];
13: }
14: int t(void) { void ((*volatile p)()); p = (void ((*)()))sqlite3_load_extension; return !p; }
/* end */

"/home/sopi/Documents/Side_projects/graal/sdk/mxbuild/linux-amd64/GRAALVM_A33290E019_JAVA11/graalvm-a33290e019-java11-22.3.0-dev/languages/llvm/native/bin/graalvm-native-clang -o conftest -I/home/sopi/Documents/Side_projects/graal/sdk/mxbuild/linux-amd64/GRAALVM_A33290E019_JAVA11/graalvm-a33290e019-java11-22.3.0-dev/languages/ruby/lib/cext/include -I/home/sopi/Documents/Side_projects/graal/sdk/mxbuild/linux-amd64/GRAALVM_A33290E019_JAVA11/graalvm-a33290e019-java11-22.3.0-dev/languages/ruby/lib/cext/include/ruby/backward -I/home/sopi/Documents/Side_projects/graal/sdk/mxbuild/linux-amd64/GRAALVM_A33290E019_JAVA11/graalvm-a33290e019-java11-22.3.0-dev/languages/ruby/lib/cext/include -I.   -DTRUFFLERUBY_ABI_VERSION=3.0.3.8    -Werror=implicit-function-declaration -Wno-int-conversion -Wno-int-to-pointer-cast -Wno-incompatible-pointer-types -Wno-format-invalid-specifier -Wno-format-extra-args -ferror-limit=500  conftest.c  -L.      -lsqlite3 -ldl -lpthread  -lsqlite3 -lgraalvm-llvm -lsqlite3 -ldl -lpthread  -lsqlite3   -L/home/sopi/Documents/Side_projects/graal/sdk/mxbuild/linux-amd64/GRAALVM_A33290E019_JAVA11/graalvm-a33290e019-java11-22.3.0-dev/languages/ruby/lib/cext -rpath /home/sopi/Documents/Side_projects/graal/sdk/mxbuild/linux-amd64/GRAALVM_A33290E019_JAVA11/graalvm-a33290e019-java11-22.3.0-dev/languages/ruby/lib/cext -ltruffleruby -rpath /home/sopi/Documents/Side_projects/graal/sdk/mxbuild/linux-amd64/GRAALVM_A33290E019_JAVA11/graalvm-a33290e019-java11-22.3.0-dev/languages/llvm/native/lib"
checked program was:
/* begin */
 1: #include "ruby.h"
 2: 
 3: /*top*/
 4: extern int t(void);
 5: int main(int argc, char **argv)
 6: {
 7:   if (argc > 1000000) {
 8:     int (* volatile tp)(void)=(int (*)(void))&t;
 9:     printf("%d", (*tp)());
10:   }
11: 
12:   return !!argv[argc];
13: }
14: extern void sqlite3_load_extension();
15: int t(void) { sqlite3_load_extension(); return 0; }
/* end */

--------------------

have_func: checking for sqlite3_open_v2()... -------------------- yes

"/home/sopi/Documents/Side_projects/graal/sdk/mxbuild/linux-amd64/GRAALVM_A33290E019_JAVA11/graalvm-a33290e019-java11-22.3.0-dev/languages/llvm/native/bin/graalvm-native-clang -o conftest -I/home/sopi/Documents/Side_projects/graal/sdk/mxbuild/linux-amd64/GRAALVM_A33290E019_JAVA11/graalvm-a33290e019-java11-22.3.0-dev/languages/ruby/lib/cext/include -I/home/sopi/Documents/Side_projects/graal/sdk/mxbuild/linux-amd64/GRAALVM_A33290E019_JAVA11/graalvm-a33290e019-java11-22.3.0-dev/languages/ruby/lib/cext/include/ruby/backward -I/home/sopi/Documents/Side_projects/graal/sdk/mxbuild/linux-amd64/GRAALVM_A33290E019_JAVA11/graalvm-a33290e019-java11-22.3.0-dev/languages/ruby/lib/cext/include -I.   -DTRUFFLERUBY_ABI_VERSION=3.0.3.8    -Werror=implicit-function-declaration -Wno-int-conversion -Wno-int-to-pointer-cast -Wno-incompatible-pointer-types -Wno-format-invalid-specifier -Wno-format-extra-args -ferror-limit=500  conftest.c  -L.      -lsqlite3 -ldl -lpthread  -lsqlite3 -lgraalvm-llvm -lsqlite3 -ldl -lpthread  -lsqlite3   -L/home/sopi/Documents/Side_projects/graal/sdk/mxbuild/linux-amd64/GRAALVM_A33290E019_JAVA11/graalvm-a33290e019-java11-22.3.0-dev/languages/ruby/lib/cext -rpath /home/sopi/Documents/Side_projects/graal/sdk/mxbuild/linux-amd64/GRAALVM_A33290E019_JAVA11/graalvm-a33290e019-java11-22.3.0-dev/languages/ruby/lib/cext -ltruffleruby -rpath /home/sopi/Documents/Side_projects/graal/sdk/mxbuild/linux-amd64/GRAALVM_A33290E019_JAVA11/graalvm-a33290e019-java11-22.3.0-dev/languages/llvm/native/lib"
conftest.c:14:57: error: use of undeclared identifier 'sqlite3_open_v2'
int t(void) { void ((*volatile p)()); p = (void ((*)()))sqlite3_open_v2; return !p; }
                                                        ^
1 error generated.
Process failed: #<Process::Status: pid 1290 exit 1>
checked program was:
/* begin */
 1: #include "ruby.h"
 2: 
 3: /*top*/
 4: extern int t(void);
 5: int main(int argc, char **argv)
 6: {
 7:   if (argc > 1000000) {
 8:     int (* volatile tp)(void)=(int (*)(void))&t;
 9:     printf("%d", (*tp)());
10:   }
11: 
12:   return !!argv[argc];
13: }
14: int t(void) { void ((*volatile p)()); p = (void ((*)()))sqlite3_open_v2; return !p; }
/* end */

"/home/sopi/Documents/Side_projects/graal/sdk/mxbuild/linux-amd64/GRAALVM_A33290E019_JAVA11/graalvm-a33290e019-java11-22.3.0-dev/languages/llvm/native/bin/graalvm-native-clang -o conftest -I/home/sopi/Documents/Side_projects/graal/sdk/mxbuild/linux-amd64/GRAALVM_A33290E019_JAVA11/graalvm-a33290e019-java11-22.3.0-dev/languages/ruby/lib/cext/include -I/home/sopi/Documents/Side_projects/graal/sdk/mxbuild/linux-amd64/GRAALVM_A33290E019_JAVA11/graalvm-a33290e019-java11-22.3.0-dev/languages/ruby/lib/cext/include/ruby/backward -I/home/sopi/Documents/Side_projects/graal/sdk/mxbuild/linux-amd64/GRAALVM_A33290E019_JAVA11/graalvm-a33290e019-java11-22.3.0-dev/languages/ruby/lib/cext/include -I.   -DTRUFFLERUBY_ABI_VERSION=3.0.3.8    -Werror=implicit-function-declaration -Wno-int-conversion -Wno-int-to-pointer-cast -Wno-incompatible-pointer-types -Wno-format-invalid-specifier -Wno-format-extra-args -ferror-limit=500  conftest.c  -L.      -lsqlite3 -ldl -lpthread  -lsqlite3 -lgraalvm-llvm -lsqlite3 -ldl -lpthread  -lsqlite3   -L/home/sopi/Documents/Side_projects/graal/sdk/mxbuild/linux-amd64/GRAALVM_A33290E019_JAVA11/graalvm-a33290e019-java11-22.3.0-dev/languages/ruby/lib/cext -rpath /home/sopi/Documents/Side_projects/graal/sdk/mxbuild/linux-amd64/GRAALVM_A33290E019_JAVA11/graalvm-a33290e019-java11-22.3.0-dev/languages/ruby/lib/cext -ltruffleruby -rpath /home/sopi/Documents/Side_projects/graal/sdk/mxbuild/linux-amd64/GRAALVM_A33290E019_JAVA11/graalvm-a33290e019-java11-22.3.0-dev/languages/llvm/native/lib"
checked program was:
/* begin */
 1: #include "ruby.h"
 2: 
 3: /*top*/
 4: extern int t(void);
 5: int main(int argc, char **argv)
 6: {
 7:   if (argc > 1000000) {
 8:     int (* volatile tp)(void)=(int (*)(void))&t;
 9:     printf("%d", (*tp)());
10:   }
11: 
12:   return !!argv[argc];
13: }
14: extern void sqlite3_open_v2();
15: int t(void) { sqlite3_open_v2(); return 0; }
/* end */

--------------------

have_func: checking for sqlite3_prepare_v2()... -------------------- yes

"/home/sopi/Documents/Side_projects/graal/sdk/mxbuild/linux-amd64/GRAALVM_A33290E019_JAVA11/graalvm-a33290e019-java11-22.3.0-dev/languages/llvm/native/bin/graalvm-native-clang -o conftest -I/home/sopi/Documents/Side_projects/graal/sdk/mxbuild/linux-amd64/GRAALVM_A33290E019_JAVA11/graalvm-a33290e019-java11-22.3.0-dev/languages/ruby/lib/cext/include -I/home/sopi/Documents/Side_projects/graal/sdk/mxbuild/linux-amd64/GRAALVM_A33290E019_JAVA11/graalvm-a33290e019-java11-22.3.0-dev/languages/ruby/lib/cext/include/ruby/backward -I/home/sopi/Documents/Side_projects/graal/sdk/mxbuild/linux-amd64/GRAALVM_A33290E019_JAVA11/graalvm-a33290e019-java11-22.3.0-dev/languages/ruby/lib/cext/include -I.   -DTRUFFLERUBY_ABI_VERSION=3.0.3.8    -Werror=implicit-function-declaration -Wno-int-conversion -Wno-int-to-pointer-cast -Wno-incompatible-pointer-types -Wno-format-invalid-specifier -Wno-format-extra-args -ferror-limit=500  conftest.c  -L.      -lsqlite3 -ldl -lpthread  -lsqlite3 -lgraalvm-llvm -lsqlite3 -ldl -lpthread  -lsqlite3   -L/home/sopi/Documents/Side_projects/graal/sdk/mxbuild/linux-amd64/GRAALVM_A33290E019_JAVA11/graalvm-a33290e019-java11-22.3.0-dev/languages/ruby/lib/cext -rpath /home/sopi/Documents/Side_projects/graal/sdk/mxbuild/linux-amd64/GRAALVM_A33290E019_JAVA11/graalvm-a33290e019-java11-22.3.0-dev/languages/ruby/lib/cext -ltruffleruby -rpath /home/sopi/Documents/Side_projects/graal/sdk/mxbuild/linux-amd64/GRAALVM_A33290E019_JAVA11/graalvm-a33290e019-java11-22.3.0-dev/languages/llvm/native/lib"
conftest.c:14:57: error: use of undeclared identifier 'sqlite3_prepare_v2'
int t(void) { void ((*volatile p)()); p = (void ((*)()))sqlite3_prepare_v2; return !p; }
                                                        ^
1 error generated.
Process failed: #<Process::Status: pid 1395 exit 1>
checked program was:
/* begin */
 1: #include "ruby.h"
 2: 
 3: /*top*/
 4: extern int t(void);
 5: int main(int argc, char **argv)
 6: {
 7:   if (argc > 1000000) {
 8:     int (* volatile tp)(void)=(int (*)(void))&t;
 9:     printf("%d", (*tp)());
10:   }
11: 
12:   return !!argv[argc];
13: }
14: int t(void) { void ((*volatile p)()); p = (void ((*)()))sqlite3_prepare_v2; return !p; }
/* end */

"/home/sopi/Documents/Side_projects/graal/sdk/mxbuild/linux-amd64/GRAALVM_A33290E019_JAVA11/graalvm-a33290e019-java11-22.3.0-dev/languages/llvm/native/bin/graalvm-native-clang -o conftest -I/home/sopi/Documents/Side_projects/graal/sdk/mxbuild/linux-amd64/GRAALVM_A33290E019_JAVA11/graalvm-a33290e019-java11-22.3.0-dev/languages/ruby/lib/cext/include -I/home/sopi/Documents/Side_projects/graal/sdk/mxbuild/linux-amd64/GRAALVM_A33290E019_JAVA11/graalvm-a33290e019-java11-22.3.0-dev/languages/ruby/lib/cext/include/ruby/backward -I/home/sopi/Documents/Side_projects/graal/sdk/mxbuild/linux-amd64/GRAALVM_A33290E019_JAVA11/graalvm-a33290e019-java11-22.3.0-dev/languages/ruby/lib/cext/include -I.   -DTRUFFLERUBY_ABI_VERSION=3.0.3.8    -Werror=implicit-function-declaration -Wno-int-conversion -Wno-int-to-pointer-cast -Wno-incompatible-pointer-types -Wno-format-invalid-specifier -Wno-format-extra-args -ferror-limit=500  conftest.c  -L.      -lsqlite3 -ldl -lpthread  -lsqlite3 -lgraalvm-llvm -lsqlite3 -ldl -lpthread  -lsqlite3   -L/home/sopi/Documents/Side_projects/graal/sdk/mxbuild/linux-amd64/GRAALVM_A33290E019_JAVA11/graalvm-a33290e019-java11-22.3.0-dev/languages/ruby/lib/cext -rpath /home/sopi/Documents/Side_projects/graal/sdk/mxbuild/linux-amd64/GRAALVM_A33290E019_JAVA11/graalvm-a33290e019-java11-22.3.0-dev/languages/ruby/lib/cext -ltruffleruby -rpath /home/sopi/Documents/Side_projects/graal/sdk/mxbuild/linux-amd64/GRAALVM_A33290E019_JAVA11/graalvm-a33290e019-java11-22.3.0-dev/languages/llvm/native/lib"
checked program was:
/* begin */
 1: #include "ruby.h"
 2: 
 3: /*top*/
 4: extern int t(void);
 5: int main(int argc, char **argv)
 6: {
 7:   if (argc > 1000000) {
 8:     int (* volatile tp)(void)=(int (*)(void))&t;
 9:     printf("%d", (*tp)());
10:   }
11: 
12:   return !!argv[argc];
13: }
14: extern void sqlite3_prepare_v2();
15: int t(void) { sqlite3_prepare_v2(); return 0; }
/* end */

--------------------

have_type: checking for sqlite3_int64 in sqlite3.h... -------------------- yes

"/home/sopi/Documents/Side_projects/graal/sdk/mxbuild/linux-amd64/GRAALVM_A33290E019_JAVA11/graalvm-a33290e019-java11-22.3.0-dev/languages/llvm/native/bin/graalvm-native-clang -I/home/sopi/Documents/Side_projects/graal/sdk/mxbuild/linux-amd64/GRAALVM_A33290E019_JAVA11/graalvm-a33290e019-java11-22.3.0-dev/languages/ruby/lib/cext/include -I/home/sopi/Documents/Side_projects/graal/sdk/mxbuild/linux-amd64/GRAALVM_A33290E019_JAVA11/graalvm-a33290e019-java11-22.3.0-dev/languages/ruby/lib/cext/include/ruby/backward -I/home/sopi/Documents/Side_projects/graal/sdk/mxbuild/linux-amd64/GRAALVM_A33290E019_JAVA11/graalvm-a33290e019-java11-22.3.0-dev/languages/ruby/lib/cext/include -I.   -DTRUFFLERUBY_ABI_VERSION=3.0.3.8    -Werror=implicit-function-declaration -Wno-int-conversion -Wno-int-to-pointer-cast -Wno-incompatible-pointer-types -Wno-format-invalid-specifier -Wno-format-extra-args -ferror-limit=500    -c conftest.c"
checked program was:
/* begin */
1: #include "ruby.h"
2: 
3: #include <sqlite3.h>
4: 
5: /*top*/
6: typedef sqlite3_int64 conftest_type;
7: int conftestval[sizeof(conftest_type)?1:-1];
/* end */

--------------------

have_type: checking for sqlite3_uint64 in sqlite3.h... -------------------- yes

"/home/sopi/Documents/Side_projects/graal/sdk/mxbuild/linux-amd64/GRAALVM_A33290E019_JAVA11/graalvm-a33290e019-java11-22.3.0-dev/languages/llvm/native/bin/graalvm-native-clang -I/home/sopi/Documents/Side_projects/graal/sdk/mxbuild/linux-amd64/GRAALVM_A33290E019_JAVA11/graalvm-a33290e019-java11-22.3.0-dev/languages/ruby/lib/cext/include -I/home/sopi/Documents/Side_projects/graal/sdk/mxbuild/linux-amd64/GRAALVM_A33290E019_JAVA11/graalvm-a33290e019-java11-22.3.0-dev/languages/ruby/lib/cext/include/ruby/backward -I/home/sopi/Documents/Side_projects/graal/sdk/mxbuild/linux-amd64/GRAALVM_A33290E019_JAVA11/graalvm-a33290e019-java11-22.3.0-dev/languages/ruby/lib/cext/include -I.   -DTRUFFLERUBY_ABI_VERSION=3.0.3.8    -Werror=implicit-function-declaration -Wno-int-conversion -Wno-int-to-pointer-cast -Wno-incompatible-pointer-types -Wno-format-invalid-specifier -Wno-format-extra-args -ferror-limit=500    -c conftest.c"
checked program was:
/* begin */
1: #include "ruby.h"
2: 
3: #include <sqlite3.h>
4: 
5: /*top*/
6: typedef sqlite3_uint64 conftest_type;
7: int conftestval[sizeof(conftest_type)?1:-1];
/* end */

--------------------

